[00:14:33] [Server thread/INFO]: Loading properties
[00:14:33] [Server thread/INFO]: This server is running CraftBukkit version git-Spigot-c8d4cef-1fee35b (MC: 1.14) (Implementing API version 1.14-R0.1-SNAPSHOT)
[00:14:33] [Server thread/INFO]: Server Ping Player Sample Count: 12
[00:14:33] [Server thread/INFO]: Using 4 threads for Netty based IO
[00:14:33] [Server thread/INFO]: Debug logging is disabled
[00:14:33] [Server thread/INFO]: Default game type: SURVIVAL
[00:14:33] [Server thread/INFO]: Generating keypair
[00:14:35] [Server thread/INFO]: Starting Minecraft server on 127.0.0.1:25566
[00:14:35] [Server thread/INFO]: Using epoll channel type
[00:14:51] [Server thread/INFO]: [WorldEdit] Loading WorldEdit v7.0.0-rc-2;7be00cc
[00:14:52] [Server thread/INFO]: Got request to register class com.sk89q.worldedit.bukkit.BukkitServerInterface with WorldEdit [com.sk89q.worldedit.extension.platform.PlatformManager@5f4b441f]
[00:14:53] [Server thread/INFO]: Using com.sk89q.worldedit.bukkit.adapter.impl.Spigot_v1_14_R1 as the Bukkit adapter
[00:14:55] [Server thread/WARN]: Unknown block: minecraft:sign[rotation=0]
[00:14:55] [Server thread/WARN]: Unknown block: minecraft:sign[rotation=1]
[00:14:55] [Server thread/WARN]: Unknown block: minecraft:sign[rotation=2]
[00:14:55] [Server thread/WARN]: Unknown block: minecraft:sign[rotation=3]
[00:14:55] [Server thread/WARN]: Unknown block: minecraft:sign[rotation=4]
[00:14:55] [Server thread/WARN]: Unknown block: minecraft:sign[rotation=5]
[00:14:55] [Server thread/WARN]: Unknown block: minecraft:sign[rotation=6]
[00:14:55] [Server thread/WARN]: Unknown block: minecraft:sign[rotation=7]
[00:14:55] [Server thread/WARN]: Unknown block: minecraft:sign[rotation=8]
[00:14:55] [Server thread/WARN]: Unknown block: minecraft:sign[rotation=9]
[00:14:55] [Server thread/WARN]: Unknown block: minecraft:sign[rotation=10]
[00:14:55] [Server thread/WARN]: Unknown block: minecraft:sign[rotation=11]
[00:14:55] [Server thread/WARN]: Unknown block: minecraft:sign[rotation=12]
[00:14:55] [Server thread/WARN]: Unknown block: minecraft:sign[rotation=13]
[00:14:55] [Server thread/WARN]: Unknown block: minecraft:sign[rotation=14]
[00:14:55] [Server thread/WARN]: Unknown block: minecraft:sign[rotation=15]
[00:14:55] [Server thread/WARN]: Unknown block: minecraft:wall_sign[facing=north]
[00:14:55] [Server thread/WARN]: Unknown block: minecraft:wall_sign[facing=south]
[00:14:55] [Server thread/WARN]: Unknown block: minecraft:wall_sign[facing=west]
[00:14:55] [Server thread/WARN]: Unknown block: minecraft:wall_sign[facing=east]
[00:14:56] [Server thread/WARN]: Unknown item: minecraft:sign
[00:14:56] [Server thread/WARN]: Unknown item: minecraft:rose_red
[00:14:56] [Server thread/WARN]: Unknown item: minecraft:cactus_green
[00:14:56] [Server thread/WARN]: Unknown item: minecraft:dandelion_yellow
[00:14:56] [Server thread/WARN]: **** SERVER IS RUNNING IN OFFLINE/INSECURE MODE!
[00:14:56] [Server thread/WARN]: The server will make no attempt to authenticate usernames. Beware.
[00:14:56] [Server thread/WARN]: Whilst this makes it possible to use BungeeCord, unless access to your server is properly restricted, it also opens up the ability for hackers to connect with any username they choose.
[00:14:56] [Server thread/WARN]: Please see http://www.spigotmc.org/wiki/firewall-guide/ for further information.
[00:14:56] [Server thread/WARN]: To change this, set "online-mode" to "true" in the server.properties file.
[00:14:56] [Server thread/INFO]: Preparing level "world"
[00:14:56] [Server thread/INFO]: Reloading ResourceManager: Default, bukkit
[00:14:59] [Server thread/INFO]: Loaded 6 recipes
[00:15:02] [Server thread/INFO]: -------- World Settings For [world] --------
[00:15:02] [Server thread/INFO]: Mob Spawn Range: 6
[00:15:02] [Server thread/INFO]: Experience Merge Radius: 3.0
[00:15:02] [Server thread/INFO]: Cactus Growth Modifier: 100%
[00:15:02] [Server thread/INFO]: Cane Growth Modifier: 100%
[00:15:02] [Server thread/INFO]: Melon Growth Modifier: 100%
[00:15:02] [Server thread/INFO]: Mushroom Growth Modifier: 100%
[00:15:02] [Server thread/INFO]: Pumpkin Growth Modifier: 100%
[00:15:02] [Server thread/INFO]: Sapling Growth Modifier: 100%
[00:15:02] [Server thread/INFO]: Beetroot Growth Modifier: 100%
[00:15:02] [Server thread/INFO]: Carrot Growth Modifier: 100%
[00:15:02] [Server thread/INFO]: Potato Growth Modifier: 100%
[00:15:02] [Server thread/INFO]: Wheat Growth Modifier: 100%
[00:15:02] [Server thread/INFO]: NetherWart Growth Modifier: 100%
[00:15:02] [Server thread/INFO]: Vine Growth Modifier: 100%
[00:15:02] [Server thread/INFO]: Cocoa Growth Modifier: 100%
[00:15:02] [Server thread/INFO]: Entity Activation Range: An 32 / Mo 32 / Mi 16 / Tiv true
[00:15:02] [Server thread/INFO]: Entity Tracking Range: Pl 48 / An 48 / Mo 48 / Mi 32 / Other 64
[00:15:02] [Server thread/INFO]: Hopper Transfer: 8 Hopper Check: 1 Hopper Amount: 1
[00:15:02] [Server thread/INFO]: Custom Map Seeds:  Village: 10387312 Desert: 14357617 Igloo: 14357618 Jungle: 14357619 Swamp: 14357620 Monument: 10387313Ocean: 14357621 Shipwreck: 165745295 Slime: 987234911
[00:15:02] [Server thread/INFO]: Max TNT Explosions: 100
[00:15:02] [Server thread/INFO]: Tile Max Tick Time: 50ms Entity max Tick Time: 50ms
[00:15:02] [Server thread/INFO]: View Distance: 10
[00:15:02] [Server thread/INFO]: Allow Zombie Pigmen to spawn from portal blocks: true
[00:15:02] [Server thread/INFO]: Item Despawn Rate: 6000
[00:15:02] [Server thread/INFO]: Item Merge Radius: 2.5
[00:15:02] [Server thread/INFO]: Arrow Despawn Rate: 1200
[00:15:02] [Server thread/INFO]: Zombie Aggressive Towards Villager: true
[00:15:02] [Server thread/INFO]: Nerfing mobs spawned from spawners: false
[00:15:04] [Server thread/INFO]: -------- World Settings For [world_the_end] --------
[00:15:04] [Server thread/INFO]: Mob Spawn Range: 6
[00:15:04] [Server thread/INFO]: Experience Merge Radius: 3.0
[00:15:04] [Server thread/INFO]: Cactus Growth Modifier: 100%
[00:15:04] [Server thread/INFO]: Cane Growth Modifier: 100%
[00:15:04] [Server thread/INFO]: Melon Growth Modifier: 100%
[00:15:04] [Server thread/INFO]: Mushroom Growth Modifier: 100%
[00:15:04] [Server thread/INFO]: Pumpkin Growth Modifier: 100%
[00:15:04] [Server thread/INFO]: Sapling Growth Modifier: 100%
[00:15:04] [Server thread/INFO]: Beetroot Growth Modifier: 100%
[00:15:04] [Server thread/INFO]: Carrot Growth Modifier: 100%
[00:15:04] [Server thread/INFO]: Potato Growth Modifier: 100%
[00:15:04] [Server thread/INFO]: Wheat Growth Modifier: 100%
[00:15:04] [Server thread/INFO]: NetherWart Growth Modifier: 100%
[00:15:04] [Server thread/INFO]: Vine Growth Modifier: 100%
[00:15:04] [Server thread/INFO]: Cocoa Growth Modifier: 100%
[00:15:04] [Server thread/INFO]: Entity Activation Range: An 32 / Mo 32 / Mi 16 / Tiv true
[00:15:04] [Server thread/INFO]: Entity Tracking Range: Pl 48 / An 48 / Mo 48 / Mi 32 / Other 64
[00:15:04] [Server thread/INFO]: Hopper Transfer: 8 Hopper Check: 1 Hopper Amount: 1
[00:15:04] [Server thread/INFO]: Custom Map Seeds:  Village: 10387312 Desert: 14357617 Igloo: 14357618 Jungle: 14357619 Swamp: 14357620 Monument: 10387313Ocean: 14357621 Shipwreck: 165745295 Slime: 987234911
[00:15:04] [Server thread/INFO]: Max TNT Explosions: 100
[00:15:04] [Server thread/INFO]: Tile Max Tick Time: 50ms Entity max Tick Time: 50ms
[00:15:04] [Server thread/INFO]: View Distance: 10
[00:15:04] [Server thread/INFO]: Allow Zombie Pigmen to spawn from portal blocks: true
[00:15:04] [Server thread/INFO]: Item Despawn Rate: 6000
[00:15:04] [Server thread/INFO]: Item Merge Radius: 2.5
[00:15:04] [Server thread/INFO]: Arrow Despawn Rate: 1200
[00:15:04] [Server thread/INFO]: Zombie Aggressive Towards Villager: true
[00:15:04] [Server thread/INFO]: Nerfing mobs spawned from spawners: false
[00:15:04] [Server thread/INFO]: Preparing start region for dimension 'world'/minecraft:overworld
[00:15:15] [User Authenticator #1/INFO]: UUID of player Gr3yman is 25afc2ac-d7ca-4898-b651-1da16a6e4a38
[00:15:50] [Server-Worker-1/INFO]: Preparing spawn area: 0%
[00:15:50] [Server-Worker-1/INFO]: Preparing spawn area: 0%
[00:15:50] [Server-Worker-1/INFO]: Preparing spawn area: 0%
[00:15:50] [Server-Worker-1/INFO]: Preparing spawn area: 0%
[00:15:50] [Server-Worker-1/INFO]: Preparing spawn area: 0%
[00:15:50] [Server-Worker-1/INFO]: Preparing spawn area: 0%
[00:15:50] [Server-Worker-1/INFO]: Preparing spawn area: 0%
[00:15:50] [Server-Worker-1/INFO]: Preparing spawn area: 0%
[00:15:50] [Server-Worker-1/INFO]: Preparing spawn area: 0%
[00:15:50] [Server-Worker-1/INFO]: Preparing spawn area: 0%
[00:15:50] [Server-Worker-1/INFO]: Preparing spawn area: 0%
[00:15:50] [Server-Worker-1/INFO]: Preparing spawn area: 0%
[00:15:50] [Server-Worker-1/INFO]: Preparing spawn area: 0%
[00:15:50] [Server-Worker-1/INFO]: Preparing spawn area: 0%
[00:15:50] [Server-Worker-1/INFO]: Preparing spawn area: 0%
[00:15:50] [Server-Worker-1/INFO]: Preparing spawn area: 0%
[00:15:50] [Server-Worker-1/INFO]: Preparing spawn area: 0%
[00:15:50] [Server-Worker-1/INFO]: Preparing spawn area: 0%
[00:15:50] [Server-Worker-1/INFO]: Preparing spawn area: 0%
[00:15:50] [Server-Worker-1/INFO]: Preparing spawn area: 0%
[00:15:50] [Server-Worker-1/INFO]: Preparing spawn area: 0%
[00:15:50] [Server-Worker-1/INFO]: Preparing spawn area: 0%
[00:15:50] [Server-Worker-1/INFO]: Preparing spawn area: 0%
[00:15:50] [Server-Worker-1/INFO]: Preparing spawn area: 0%
[00:15:50] [Server-Worker-1/INFO]: Preparing spawn area: 0%
[00:15:50] [Server-Worker-1/INFO]: Preparing spawn area: 0%
[00:15:50] [Server-Worker-1/INFO]: Preparing spawn area: 0%
[00:15:50] [Server-Worker-1/INFO]: Preparing spawn area: 0%
[00:15:50] [Server-Worker-1/INFO]: Preparing spawn area: 0%
[00:15:50] [Server-Worker-1/INFO]: Preparing spawn area: 0%
[00:15:50] [Server-Worker-1/INFO]: Preparing spawn area: 0%
[00:15:50] [Server-Worker-1/INFO]: Preparing spawn area: 0%
[00:15:50] [Server-Worker-1/INFO]: Preparing spawn area: 0%
[00:15:50] [Server-Worker-1/INFO]: Preparing spawn area: 0%
[00:15:50] [Server-Worker-1/INFO]: Preparing spawn area: 0%
[00:15:50] [Server-Worker-1/INFO]: Preparing spawn area: 0%
[00:15:50] [Server-Worker-1/INFO]: Preparing spawn area: 0%
[00:15:50] [Server-Worker-1/INFO]: Preparing spawn area: 0%
[00:15:50] [Server-Worker-1/INFO]: Preparing spawn area: 0%
[00:15:50] [Server-Worker-1/INFO]: Preparing spawn area: 0%
[00:15:50] [Server-Worker-1/INFO]: Preparing spawn area: 0%
[00:15:50] [Server-Worker-1/INFO]: Preparing spawn area: 0%
[00:15:50] [Server-Worker-1/INFO]: Preparing spawn area: 0%
[00:15:50] [Server-Worker-1/INFO]: Preparing spawn area: 0%
[00:15:50] [Server-Worker-1/INFO]: Preparing spawn area: 0%
[00:15:50] [Server-Worker-1/INFO]: Preparing spawn area: 0%
[00:15:50] [Server-Worker-1/INFO]: Preparing spawn area: 0%
[00:15:50] [Server-Worker-1/INFO]: Preparing spawn area: 0%
[00:15:50] [Server-Worker-1/INFO]: Preparing spawn area: 0%
[00:15:50] [Server-Worker-1/INFO]: Preparing spawn area: 0%
[00:15:50] [Server-Worker-1/INFO]: Preparing spawn area: 0%
[00:15:50] [Server-Worker-1/INFO]: Preparing spawn area: 0%
[00:15:50] [Server-Worker-1/INFO]: Preparing spawn area: 0%
[00:15:50] [Server-Worker-1/INFO]: Preparing spawn area: 0%
[00:15:50] [Server-Worker-1/INFO]: Preparing spawn area: 0%
[00:15:50] [Server-Worker-1/INFO]: Preparing spawn area: 0%
[00:15:50] [Server-Worker-1/INFO]: Preparing spawn area: 0%
[00:15:50] [Server-Worker-1/INFO]: Preparing spawn area: 0%
[00:15:50] [Server-Worker-1/INFO]: Preparing spawn area: 0%
[00:15:50] [Server-Worker-1/INFO]: Preparing spawn area: 0%
[00:15:50] [Server-Worker-1/INFO]: Preparing spawn area: 0%
[00:15:50] [Server-Worker-1/INFO]: Preparing spawn area: 0%
[00:15:50] [Server-Worker-1/INFO]: Preparing spawn area: 0%
[00:15:50] [Server-Worker-1/INFO]: Preparing spawn area: 0%
[00:15:50] [Server-Worker-1/INFO]: Preparing spawn area: 0%
[00:15:50] [Server-Worker-1/INFO]: Preparing spawn area: 0%
[00:15:50] [Server-Worker-1/INFO]: Preparing spawn area: 0%
[00:15:50] [Server-Worker-1/INFO]: Preparing spawn area: 0%
[00:15:50] [Server-Worker-1/INFO]: Preparing spawn area: 0%
[00:15:50] [Server-Worker-1/INFO]: Preparing spawn area: 0%
[00:15:50] [Server-Worker-1/INFO]: Preparing spawn area: 0%
[00:15:50] [Server-Worker-1/INFO]: Preparing spawn area: 0%
[00:15:50] [Server-Worker-1/INFO]: Preparing spawn area: 0%
[00:15:50] [Server-Worker-1/INFO]: Preparing spawn area: 0%
[00:15:50] [Server-Worker-1/INFO]: Preparing spawn area: 0%
[00:15:50] [Server-Worker-1/INFO]: Preparing spawn area: 0%
[00:15:50] [Server-Worker-1/INFO]: Preparing spawn area: 0%
[00:15:50] [Server-Worker-1/INFO]: Preparing spawn area: 0%
[00:15:50] [Server-Worker-1/INFO]: Preparing spawn area: 0%
[00:15:50] [Server-Worker-1/INFO]: Preparing spawn area: 0%
[00:15:50] [Server-Worker-1/INFO]: Preparing spawn area: 0%
[00:15:50] [Server-Worker-1/INFO]: Preparing spawn area: 0%
[00:15:50] [Server-Worker-1/INFO]: Preparing spawn area: 0%
[00:15:50] [Server-Worker-1/INFO]: Preparing spawn area: 0%
[00:15:50] [Server-Worker-1/INFO]: Preparing spawn area: 0%
[00:15:50] [Server-Worker-1/INFO]: Preparing spawn area: 0%
[00:15:50] [Server-Worker-1/INFO]: Preparing spawn area: 0%
[00:15:50] [Server-Worker-1/INFO]: Preparing spawn area: 0%
[00:15:50] [Server-Worker-1/INFO]: Preparing spawn area: 0%
[00:15:50] [Server-Worker-1/INFO]: Preparing spawn area: 0%
[00:15:50] [Server-Worker-1/INFO]: Preparing spawn area: 0%
[00:15:50] [Server-Worker-1/INFO]: Preparing spawn area: 0%
[00:15:50] [Server-Worker-1/INFO]: Preparing spawn area: 0%
[00:15:51] [Server-Worker-1/INFO]: Preparing spawn area: 0%
[00:15:51] [Server-Worker-1/INFO]: Preparing spawn area: 2%
[00:15:52] [Server-Worker-1/INFO]: Preparing spawn area: 18%
[00:15:52] [Server-Worker-1/INFO]: Preparing spawn area: 69%
[00:15:53] [Server thread/INFO]: Time elapsed: 48446 ms
[00:15:53] [Server thread/INFO]: Preparing start region for dimension 'world_the_end'/minecraft:the_end
[00:15:53] [Server-Worker-1/INFO]: Preparing spawn area: 0%
[00:15:53] [Server-Worker-1/INFO]: Preparing spawn area: 0%
[00:15:54] [Server-Worker-1/INFO]: Preparing spawn area: 0%
[00:15:54] [Server-Worker-1/INFO]: Preparing spawn area: 0%
[00:15:55] [Server-Worker-1/INFO]: Preparing spawn area: 0%
[00:15:55] [Server-Worker-1/INFO]: Preparing spawn area: 0%
[00:15:56] [Server-Worker-1/INFO]: Preparing spawn area: 4%
[00:15:56] [Server-Worker-1/INFO]: Preparing spawn area: 33%
[00:15:56] [Server thread/INFO]: Time elapsed: 3767 ms
[00:15:56] [Server thread/INFO]: [WorldEdit] Enabling WorldEdit v7.0.0-rc-2;7be00cc
[00:15:56] [Server thread/INFO]: WEPIF: Using the Bukkit Permissions API.
[00:15:56] [Server thread/INFO]: Registering commands with com.sk89q.worldedit.bukkit.BukkitServerInterface
[00:15:56] [Server thread/INFO]: Server permissions file permissions.yml is empty, ignoring it
[00:15:57] [Server thread/INFO]: Done (60.405s)! For help, type "help"
[00:15:57] [Server thread/INFO]: com.mojang.authlib.GameProfile@64071a05[id=25afc2ac-d7ca-4898-b651-1da16a6e4a38,name=Gr3yman,properties={textures=[com.mojang.authlib.properties.Property@722704e7]},legacy=false] (/75.118.89.135:59521) lost connection: Disconnected
[00:17:08] [User Authenticator #2/INFO]: UUID of player Gr3yman is 25afc2ac-d7ca-4898-b651-1da16a6e4a38
[00:17:12] [Server thread/INFO]: Gr3yman[/75.118.89.135:36313] logged in with entity id 11 at ([world]-1393.5349287370448, 71.0, 904.2053949385376)
[00:17:13] [Server thread/WARN]: Can't keep up! Is the server overloaded? Running 4810ms or 96 ticks behind
[00:17:24] [Server thread/INFO]: Gr3yman issued server command: /time set day
[00:21:11] [Server thread/WARN]: Can't keep up! Is the server overloaded? Running 9554ms or 191 ticks behind
[00:27:12] [Server thread/INFO]: Gr3yman lost connection: Disconnected
[00:27:12] [Server thread/INFO]: Gr3yman left the game
[01:26:36] [Server thread/INFO]: Stopping the server
[01:26:36] [Server thread/INFO]: Stopping server
[01:26:36] [Server thread/INFO]: [WorldEdit] Disabling WorldEdit v7.0.0-rc-2;7be00cc
[01:26:36] [Server thread/INFO]: Unregistering com.sk89q.worldedit.bukkit.BukkitServerInterface from WorldEdit
[01:26:36] [Server thread/INFO]: Saving players
[01:26:36] [Server thread/INFO]: Saving worlds
[01:26:36] [Server thread/INFO]: Saving chunks for level 'world'/minecraft:overworld
[01:26:36] [Server thread/INFO]: ThreadedAnvilChunkStorage (world): All chunks are saved
[01:26:36] [Server thread/INFO]: Saving chunks for level 'world_the_end'/minecraft:the_end
[01:26:36] [Server thread/INFO]: ThreadedAnvilChunkStorage (DIM1): All chunks are saved
[01:26:36] [Server thread/INFO]: ThreadedAnvilChunkStorage (world): All chunks are saved
[01:26:36] [Server thread/INFO]: ThreadedAnvilChunkStorage (world): All chunks are saved
[01:26:36] [Server thread/INFO]: ThreadedAnvilChunkStorage (DIM1): All chunks are saved
[01:26:36] [Server thread/INFO]: ThreadedAnvilChunkStorage (DIM1): All chunks are saved
