[11:40:27] [Server thread/INFO]: Loading properties
[11:40:28] [Server thread/INFO]: This server is running CraftBukkit version git-Spigot-c8d4cef-1fee35b (MC: 1.14) (Implementing API version 1.14-R0.1-SNAPSHOT)
[11:40:29] [Server thread/INFO]: Server Ping Player Sample Count: 12
[11:40:29] [Server thread/INFO]: Using 4 threads for Netty based IO
[11:40:29] [Server thread/INFO]: Debug logging is disabled
[11:40:30] [Server thread/INFO]: Default game type: SURVIVAL
[11:40:30] [Server thread/INFO]: Generating keypair
[11:40:32] [Server thread/INFO]: Starting Minecraft server on *:25569
[11:40:32] [Server thread/INFO]: Using epoll channel type
[11:40:33] [Server thread/ERROR]: Could not load 'plugins/worldedit-bukkit-7.0.0-rc-2.jar' in folder 'plugins'
org.bukkit.plugin.InvalidDescriptionException: Invalid plugin.yml
	at org.bukkit.plugin.java.JavaPluginLoader.getPluginDescription(JavaPluginLoader.java:168) ~[spigot-1.14.jar:git-Spigot-c8d4cef-1fee35b]
	at org.bukkit.plugin.SimplePluginManager.loadPlugins(SimplePluginManager.java:137) [spigot-1.14.jar:git-Spigot-c8d4cef-1fee35b]
	at org.bukkit.craftbukkit.v1_14_R1.CraftServer.loadPlugins(CraftServer.java:347) [spigot-1.14.jar:git-Spigot-c8d4cef-1fee35b]
	at net.minecraft.server.v1_14_R1.DedicatedServer.init(DedicatedServer.java:194) [spigot-1.14.jar:git-Spigot-c8d4cef-1fee35b]
	at net.minecraft.server.v1_14_R1.MinecraftServer.run(MinecraftServer.java:761) [spigot-1.14.jar:git-Spigot-c8d4cef-1fee35b]
	at java.lang.Thread.run(Thread.java:748) [?:1.8.0_212]
Caused by: java.io.FileNotFoundException: plugins/worldedit-bukkit-7.0.0-rc-2.jar (No such file or directory)
	at java.util.zip.ZipFile.open(Native Method) ~[?:1.8.0_212]
	at java.util.zip.ZipFile.<init>(ZipFile.java:225) ~[?:1.8.0_212]
	at java.util.zip.ZipFile.<init>(ZipFile.java:155) ~[?:1.8.0_212]
	at java.util.jar.JarFile.<init>(JarFile.java:166) ~[?:1.8.0_212]
	at java.util.jar.JarFile.<init>(JarFile.java:130) ~[?:1.8.0_212]
	at org.bukkit.plugin.java.JavaPluginLoader.getPluginDescription(JavaPluginLoader.java:156) ~[spigot-1.14.jar:git-Spigot-c8d4cef-1fee35b]
	... 5 more
[11:40:33] [Server thread/WARN]: **** SERVER IS RUNNING IN OFFLINE/INSECURE MODE!
[11:40:33] [Server thread/WARN]: The server will make no attempt to authenticate usernames. Beware.
[11:40:33] [Server thread/WARN]: While this makes the game possible to play without internet access, it also opens up the ability for hackers to connect with any username they choose.
[11:40:33] [Server thread/WARN]: To change this, set "online-mode" to "true" in the server.properties file.
[11:40:33] [Server thread/INFO]: Preparing level "world"
[11:40:34] [Server thread/INFO]: Reloading ResourceManager: Default, bukkit
[11:40:40] [Server thread/INFO]: Loaded 6 recipes
[11:40:44] [Server thread/INFO]: -------- World Settings For [world] --------
[11:40:44] [Server thread/INFO]: Mob Spawn Range: 6
[11:40:44] [Server thread/INFO]: Experience Merge Radius: 3.0
[11:40:44] [Server thread/INFO]: Cactus Growth Modifier: 100%
[11:40:44] [Server thread/INFO]: Cane Growth Modifier: 100%
[11:40:44] [Server thread/INFO]: Melon Growth Modifier: 100%
[11:40:44] [Server thread/INFO]: Mushroom Growth Modifier: 100%
[11:40:44] [Server thread/INFO]: Pumpkin Growth Modifier: 100%
[11:40:44] [Server thread/INFO]: Sapling Growth Modifier: 100%
[11:40:44] [Server thread/INFO]: Beetroot Growth Modifier: 100%
[11:40:44] [Server thread/INFO]: Carrot Growth Modifier: 100%
[11:40:44] [Server thread/INFO]: Potato Growth Modifier: 100%
[11:40:44] [Server thread/INFO]: Wheat Growth Modifier: 100%
[11:40:44] [Server thread/INFO]: NetherWart Growth Modifier: 100%
[11:40:44] [Server thread/INFO]: Vine Growth Modifier: 100%
[11:40:44] [Server thread/INFO]: Cocoa Growth Modifier: 100%
[11:40:44] [Server thread/INFO]: Entity Activation Range: An 32 / Mo 32 / Mi 16 / Tiv true
[11:40:44] [Server thread/INFO]: Entity Tracking Range: Pl 48 / An 48 / Mo 48 / Mi 32 / Other 64
[11:40:44] [Server thread/INFO]: Hopper Transfer: 8 Hopper Check: 1 Hopper Amount: 1
[11:40:44] [Server thread/INFO]: Custom Map Seeds:  Village: 10387312 Desert: 14357617 Igloo: 14357618 Jungle: 14357619 Swamp: 14357620 Monument: 10387313Ocean: 14357621 Shipwreck: 165745295 Slime: 987234911
[11:40:44] [Server thread/INFO]: Max TNT Explosions: 100
[11:40:44] [Server thread/INFO]: Tile Max Tick Time: 50ms Entity max Tick Time: 50ms
[11:40:44] [Server thread/INFO]: View Distance: 10
[11:40:44] [Server thread/INFO]: Allow Zombie Pigmen to spawn from portal blocks: true
[11:40:44] [Server thread/INFO]: Item Despawn Rate: 6000
[11:40:44] [Server thread/INFO]: Item Merge Radius: 2.5
[11:40:44] [Server thread/INFO]: Arrow Despawn Rate: 1200
[11:40:44] [Server thread/INFO]: Zombie Aggressive Towards Villager: true
[11:40:44] [Server thread/INFO]: Nerfing mobs spawned from spawners: false
[11:40:46] [Server thread/INFO]: -------- World Settings For [world_the_end] --------
[11:40:46] [Server thread/INFO]: Mob Spawn Range: 6
[11:40:46] [Server thread/INFO]: Experience Merge Radius: 3.0
[11:40:46] [Server thread/INFO]: Cactus Growth Modifier: 100%
[11:40:46] [Server thread/INFO]: Cane Growth Modifier: 100%
[11:40:46] [Server thread/INFO]: Melon Growth Modifier: 100%
[11:40:46] [Server thread/INFO]: Mushroom Growth Modifier: 100%
[11:40:46] [Server thread/INFO]: Pumpkin Growth Modifier: 100%
[11:40:46] [Server thread/INFO]: Sapling Growth Modifier: 100%
[11:40:46] [Server thread/INFO]: Beetroot Growth Modifier: 100%
[11:40:46] [Server thread/INFO]: Carrot Growth Modifier: 100%
[11:40:46] [Server thread/INFO]: Potato Growth Modifier: 100%
[11:40:46] [Server thread/INFO]: Wheat Growth Modifier: 100%
[11:40:46] [Server thread/INFO]: NetherWart Growth Modifier: 100%
[11:40:46] [Server thread/INFO]: Vine Growth Modifier: 100%
[11:40:46] [Server thread/INFO]: Cocoa Growth Modifier: 100%
[11:40:46] [Server thread/INFO]: Entity Activation Range: An 32 / Mo 32 / Mi 16 / Tiv true
[11:40:46] [Server thread/INFO]: Entity Tracking Range: Pl 48 / An 48 / Mo 48 / Mi 32 / Other 64
[11:40:46] [Server thread/INFO]: Hopper Transfer: 8 Hopper Check: 1 Hopper Amount: 1
[11:40:46] [Server thread/INFO]: Custom Map Seeds:  Village: 10387312 Desert: 14357617 Igloo: 14357618 Jungle: 14357619 Swamp: 14357620 Monument: 10387313Ocean: 14357621 Shipwreck: 165745295 Slime: 987234911
[11:40:46] [Server thread/INFO]: Max TNT Explosions: 100
[11:40:46] [Server thread/INFO]: Tile Max Tick Time: 50ms Entity max Tick Time: 50ms
[11:40:46] [Server thread/INFO]: View Distance: 10
[11:40:46] [Server thread/INFO]: Allow Zombie Pigmen to spawn from portal blocks: true
[11:40:46] [Server thread/INFO]: Item Despawn Rate: 6000
[11:40:46] [Server thread/INFO]: Item Merge Radius: 2.5
[11:40:46] [Server thread/INFO]: Arrow Despawn Rate: 1200
[11:40:46] [Server thread/INFO]: Zombie Aggressive Towards Villager: true
[11:40:46] [Server thread/INFO]: Nerfing mobs spawned from spawners: false
[11:40:49] [Server thread/INFO]: Preparing start region for dimension 'world'/minecraft:overworld
[11:41:39] [Server-Worker-1/INFO]: Preparing spawn area: 0%
[11:41:39] [Server-Worker-1/INFO]: Preparing spawn area: 0%
[11:41:39] [Server-Worker-1/INFO]: Preparing spawn area: 0%
[11:41:40] [Server-Worker-1/INFO]: Preparing spawn area: 0%
[11:41:40] [Server-Worker-1/INFO]: Preparing spawn area: 0%
[11:41:40] [Server-Worker-1/INFO]: Preparing spawn area: 0%
[11:41:40] [Server-Worker-1/INFO]: Preparing spawn area: 0%
[11:41:40] [Server-Worker-1/INFO]: Preparing spawn area: 0%
[11:41:40] [Server-Worker-1/INFO]: Preparing spawn area: 0%
[11:41:40] [Server-Worker-1/INFO]: Preparing spawn area: 0%
[11:41:40] [Server-Worker-1/INFO]: Preparing spawn area: 0%
[11:41:40] [Server-Worker-1/INFO]: Preparing spawn area: 0%
[11:41:40] [Server-Worker-1/INFO]: Preparing spawn area: 0%
[11:41:40] [Server-Worker-1/INFO]: Preparing spawn area: 0%
[11:41:40] [Server-Worker-1/INFO]: Preparing spawn area: 0%
[11:41:40] [Server-Worker-1/INFO]: Preparing spawn area: 0%
[11:41:40] [Server-Worker-1/INFO]: Preparing spawn area: 0%
[11:41:40] [Server-Worker-1/INFO]: Preparing spawn area: 0%
[11:41:40] [Server-Worker-1/INFO]: Preparing spawn area: 0%
[11:41:40] [Server-Worker-1/INFO]: Preparing spawn area: 0%
[11:41:40] [Server-Worker-1/INFO]: Preparing spawn area: 0%
[11:41:40] [Server-Worker-1/INFO]: Preparing spawn area: 0%
[11:41:40] [Server-Worker-1/INFO]: Preparing spawn area: 0%
[11:41:40] [Server-Worker-1/INFO]: Preparing spawn area: 0%
[11:41:40] [Server-Worker-1/INFO]: Preparing spawn area: 0%
[11:41:40] [Server-Worker-1/INFO]: Preparing spawn area: 0%
[11:41:40] [Server-Worker-1/INFO]: Preparing spawn area: 0%
[11:41:40] [Server-Worker-1/INFO]: Preparing spawn area: 0%
[11:41:40] [Server-Worker-1/INFO]: Preparing spawn area: 0%
[11:41:40] [Server-Worker-1/INFO]: Preparing spawn area: 0%
[11:41:40] [Server-Worker-1/INFO]: Preparing spawn area: 0%
[11:41:40] [Server-Worker-1/INFO]: Preparing spawn area: 0%
[11:41:40] [Server-Worker-1/INFO]: Preparing spawn area: 0%
[11:41:40] [Server-Worker-1/INFO]: Preparing spawn area: 0%
[11:41:40] [Server-Worker-1/INFO]: Preparing spawn area: 0%
[11:41:40] [Server-Worker-1/INFO]: Preparing spawn area: 0%
[11:41:40] [Server-Worker-1/INFO]: Preparing spawn area: 0%
[11:41:40] [Server-Worker-1/INFO]: Preparing spawn area: 0%
[11:41:40] [Server-Worker-1/INFO]: Preparing spawn area: 0%
[11:41:40] [Server-Worker-1/INFO]: Preparing spawn area: 0%
[11:41:40] [Server-Worker-1/INFO]: Preparing spawn area: 0%
[11:41:40] [Server-Worker-1/INFO]: Preparing spawn area: 0%
[11:41:40] [Server-Worker-1/INFO]: Preparing spawn area: 0%
[11:41:40] [Server-Worker-1/INFO]: Preparing spawn area: 0%
[11:41:40] [Server-Worker-1/INFO]: Preparing spawn area: 0%
[11:41:40] [Server-Worker-1/INFO]: Preparing spawn area: 0%
[11:41:40] [Server-Worker-1/INFO]: Preparing spawn area: 0%
[11:41:40] [Server-Worker-1/INFO]: Preparing spawn area: 0%
[11:41:40] [Server-Worker-1/INFO]: Preparing spawn area: 0%
[11:41:40] [Server-Worker-1/INFO]: Preparing spawn area: 0%
[11:41:40] [Server-Worker-1/INFO]: Preparing spawn area: 0%
[11:41:40] [Server-Worker-1/INFO]: Preparing spawn area: 0%
[11:41:40] [Server-Worker-1/INFO]: Preparing spawn area: 0%
[11:41:40] [Server-Worker-1/INFO]: Preparing spawn area: 0%
[11:41:40] [Server-Worker-1/INFO]: Preparing spawn area: 0%
[11:41:40] [Server-Worker-1/INFO]: Preparing spawn area: 0%
[11:41:40] [Server-Worker-1/INFO]: Preparing spawn area: 0%
[11:41:40] [Server-Worker-1/INFO]: Preparing spawn area: 0%
[11:41:40] [Server-Worker-1/INFO]: Preparing spawn area: 0%
[11:41:40] [Server-Worker-1/INFO]: Preparing spawn area: 0%
[11:41:40] [Server-Worker-1/INFO]: Preparing spawn area: 0%
[11:41:40] [Server-Worker-1/INFO]: Preparing spawn area: 0%
[11:41:40] [Server-Worker-1/INFO]: Preparing spawn area: 0%
[11:41:40] [Server-Worker-1/INFO]: Preparing spawn area: 0%
[11:41:40] [Server-Worker-1/INFO]: Preparing spawn area: 0%
[11:41:40] [Server-Worker-1/INFO]: Preparing spawn area: 0%
[11:41:40] [Server-Worker-1/INFO]: Preparing spawn area: 0%
[11:41:40] [Server-Worker-1/INFO]: Preparing spawn area: 0%
[11:41:40] [Server-Worker-1/INFO]: Preparing spawn area: 0%
[11:41:40] [Server-Worker-1/INFO]: Preparing spawn area: 0%
[11:41:40] [Server-Worker-1/INFO]: Preparing spawn area: 0%
[11:41:40] [Server-Worker-1/INFO]: Preparing spawn area: 0%
[11:41:41] [Server-Worker-1/INFO]: Preparing spawn area: 0%
[11:41:41] [Server-Worker-1/INFO]: Preparing spawn area: 0%
[11:41:41] [Server-Worker-1/INFO]: Preparing spawn area: 0%
[11:41:41] [Server-Worker-1/INFO]: Preparing spawn area: 0%
[11:41:41] [Server-Worker-1/INFO]: Preparing spawn area: 0%
[11:41:41] [Server-Worker-1/INFO]: Preparing spawn area: 0%
[11:41:41] [Server-Worker-1/INFO]: Preparing spawn area: 0%
[11:41:41] [Server-Worker-1/INFO]: Preparing spawn area: 0%
[11:41:41] [Server-Worker-1/INFO]: Preparing spawn area: 0%
[11:41:41] [Server-Worker-1/INFO]: Preparing spawn area: 0%
[11:41:41] [Server-Worker-1/INFO]: Preparing spawn area: 0%
[11:41:41] [Server-Worker-1/INFO]: Preparing spawn area: 0%
[11:41:41] [Server-Worker-1/INFO]: Preparing spawn area: 0%
[11:41:41] [Server-Worker-1/INFO]: Preparing spawn area: 0%
[11:41:41] [Server-Worker-1/INFO]: Preparing spawn area: 0%
[11:41:41] [Server-Worker-1/INFO]: Preparing spawn area: 0%
[11:41:41] [Server-Worker-1/INFO]: Preparing spawn area: 0%
[11:41:41] [Server-Worker-1/INFO]: Preparing spawn area: 0%
[11:41:41] [Server-Worker-1/INFO]: Preparing spawn area: 0%
[11:41:41] [Server-Worker-1/INFO]: Preparing spawn area: 0%
[11:41:41] [Server-Worker-1/INFO]: Preparing spawn area: 0%
[11:41:41] [Server-Worker-1/INFO]: Preparing spawn area: 0%
[11:41:41] [Server-Worker-1/INFO]: Preparing spawn area: 0%
[11:41:41] [Server-Worker-1/INFO]: Preparing spawn area: 0%
[11:41:41] [Server-Worker-1/INFO]: Preparing spawn area: 0%
[11:41:41] [Server-Worker-1/INFO]: Preparing spawn area: 0%
[11:41:41] [Server-Worker-1/INFO]: Preparing spawn area: 0%
[11:41:41] [Server-Worker-1/INFO]: Preparing spawn area: 0%
[11:41:41] [Server-Worker-1/INFO]: Preparing spawn area: 0%
[11:41:41] [Server-Worker-1/INFO]: Preparing spawn area: 0%
[11:41:41] [Server-Worker-1/INFO]: Preparing spawn area: 0%
[11:41:41] [Server-Worker-1/INFO]: Preparing spawn area: 0%
[11:41:41] [Server-Worker-1/INFO]: Preparing spawn area: 0%
[11:41:42] [Server-Worker-1/INFO]: Preparing spawn area: 0%
[11:41:42] [Server-Worker-1/INFO]: Preparing spawn area: 1%
[11:41:43] [Server-Worker-1/INFO]: Preparing spawn area: 7%
[11:41:43] [Server-Worker-1/INFO]: Preparing spawn area: 12%
[11:41:44] [Server-Worker-1/INFO]: Preparing spawn area: 22%
[11:41:44] [Server-Worker-1/INFO]: Preparing spawn area: 65%
[11:41:45] [Server thread/INFO]: Time elapsed: 55829 ms
[11:41:45] [Server thread/INFO]: Preparing start region for dimension 'world_the_end'/minecraft:the_end
[11:41:45] [Server-Worker-1/INFO]: Preparing spawn area: 0%
[11:41:45] [Server-Worker-1/INFO]: Preparing spawn area: 0%
[11:41:46] [Server-Worker-1/INFO]: Preparing spawn area: 0%
[11:41:46] [Server-Worker-1/INFO]: Preparing spawn area: 0%
[11:41:47] [Server-Worker-1/INFO]: Preparing spawn area: 0%
[11:41:47] [Server-Worker-1/INFO]: Preparing spawn area: 0%
[11:41:48] [Server-Worker-1/INFO]: Preparing spawn area: 3%
[11:41:48] [Server-Worker-1/INFO]: Preparing spawn area: 33%
[11:41:49] [Server thread/INFO]: Time elapsed: 3722 ms
[11:41:49] [Server thread/INFO]: Server permissions file permissions.yml is empty, ignoring it
[11:41:49] [Server thread/INFO]: Done (75.478s)! For help, type "help"
[11:42:39] [Server thread/WARN]: Can't keep up! Is the server overloaded? Running 3392ms or 67 ticks behind
[11:46:54] [Server thread/WARN]: Can't keep up! Is the server overloaded? Running 2112ms or 42 ticks behind
[11:53:16] [Server thread/INFO]: Stopping the server
[11:53:16] [Server thread/INFO]: Stopping server
[11:53:16] [Server thread/INFO]: Saving players
[11:53:17] [Server thread/INFO]: Saving worlds
[11:53:17] [Server thread/INFO]: Saving chunks for level 'world'/minecraft:overworld
[11:53:17] [Server thread/INFO]: ThreadedAnvilChunkStorage (world): All chunks are saved
[11:53:17] [Server thread/INFO]: Saving chunks for level 'world_the_end'/minecraft:the_end
[11:53:17] [Server thread/INFO]: ThreadedAnvilChunkStorage (DIM1): All chunks are saved
[11:53:17] [Server thread/INFO]: ThreadedAnvilChunkStorage (world): All chunks are saved
[11:53:17] [Server thread/INFO]: ThreadedAnvilChunkStorage (world): All chunks are saved
[11:53:17] [Server thread/INFO]: ThreadedAnvilChunkStorage (DIM1): All chunks are saved
[11:53:17] [Server thread/INFO]: ThreadedAnvilChunkStorage (DIM1): All chunks are saved
