[2022-01-06 20:21:48.619] [info] Checking for update
[2022-01-06 20:21:48.681] [info] Generated new staging user ID: a87348d6-3944-56a8-8a62-4da8f4cb1eee
[2022-01-06 20:21:49.383] [info] Update for version 1.3.1 is not available (latest version: 1.3.1, downgrade is disallowed).
[2022-01-06 20:21:56.548] [info] Checking for update
[2022-01-06 20:21:57.091] [info] Update for version 1.3.1 is not available (latest version: 1.3.1, downgrade is disallowed).
[2022-01-07 21:03:38.465] [info] Checking for update
[2022-01-07 21:03:39.211] [info] Update for version 1.3.1 is not available (latest version: 1.3.1, downgrade is disallowed).
[2022-01-07 21:03:54.440] [info] Checking for update
[2022-01-07 21:03:55.014] [info] Update for version 1.3.1 is not available (latest version: 1.3.1, downgrade is disallowed).
[2022-01-07 21:14:30.958] [info] Checking for update
[2022-01-07 21:14:31.849] [info] Found version 1.3.1 (url: via-1.3.1-linux.AppImage)
[2022-01-07 21:14:31.850] [info] Downloading update from via-1.3.1-linux.AppImage
[2022-01-07 21:14:31.853] [info] No cached update info available
[2022-01-07 21:14:38.097] [info] Checking for update
[2022-01-07 21:14:38.892] [info] Found version 1.3.1 (url: via-1.3.1-linux.AppImage)
[2022-01-07 21:14:38.893] [info] Downloading update from via-1.3.1-linux.AppImage
[2022-01-07 21:14:38.896] [info] No cached update info available
[2022-01-07 21:14:39.164] [info] File has 1491 changed blocks
[2022-01-07 21:14:39.191] [info] Full: 106,791.41 KB, To download: 31,117.37 KB (29%)
[2022-01-07 21:14:39.193] [info] Differential download: https://github.com/the-via/releases/releases/download/v1.3.1/via-1.3.1-linux.AppImage
[2022-01-07 21:14:39.276] [info] Redirect to https://objects.githubusercontent.com/github-production-release-asset-2e65be/179043374/18b80280-b1b9-11ea-9f72-a260a37ee79b
[2022-01-08 15:09:16.123] [info] Checking for update
[2022-01-08 15:09:16.892] [info] Update for version 1.3.1 is not available (latest version: 1.3.1, downgrade is disallowed).
[2022-01-09 14:26:30.200] [info] Checking for update
[2022-01-09 14:26:31.184] [info] Update for version 1.3.1 is not available (latest version: 1.3.1, downgrade is disallowed).
[2022-01-16 20:11:57.037] [info] Checking for update
[2022-01-16 20:11:58.587] [info] Update for version 1.3.1 is not available (latest version: 1.3.1, downgrade is disallowed).
[2022-01-20 20:03:59.604] [info] Checking for update
[2022-01-20 20:04:03.532] [info] Update for version 1.3.1 is not available (latest version: 1.3.1, downgrade is disallowed).
[2022-01-28 20:15:37.460] [info] Checking for update
[2022-01-28 20:15:38.243] [info] Update for version 1.3.1 is not available (latest version: 1.3.1, downgrade is disallowed).
[2022-02-06 11:08:37.975] [info] Checking for update
[2022-02-06 11:08:38.927] [info] Update for version 1.3.1 is not available (latest version: 1.3.1, downgrade is disallowed).
[2022-02-06 11:14:58.108] [info] Checking for update
[2022-02-06 11:14:58.860] [info] Update for version 1.3.1 is not available (latest version: 1.3.1, downgrade is disallowed).
