[2022-01-08 15:09:16.953] [error] React-Hot-Loader: misconfiguration detected, using production version in non-production environment.
[2022-01-08 15:09:16.955] [error] React-Hot-Loader: Hot Module Replacement is not enabled.
[2022-01-08 15:09:16.955] [error] React-Hot-Loader: misconfiguration detected, using production version in non-production environment.
[2022-01-08 15:09:16.955] [error] React-Hot-Loader: Hot Module Replacement is not enabled.
[2022-01-08 15:09:58.920] [error] Warning: Each child in a list should have a unique "key" prop.%s%s See https://fb.me/react-warning-keys for more information.%s 

Check the render method of `Ft`.  
    in Bt (created by Ft)
    in Ft (created by zt)
    in div (created by styled.div)
    in styled.div (created by zt)
    in div (created by Styled(Styled(styled.div)))
    in Styled(Styled(styled.div)) (created by zt)
    in div (created by Styled(styled.div))
    in Styled(styled.div) (created by zt)
    in zt (created by ConnectFunction)
    in ConnectFunction (created by Wo)
    in div (created by styled.div)
    in styled.div (created by Wo)
    in Wo
    in div (created by Styled(styled.div))
    in Styled(styled.div)
    in Unknown (created by ConnectFunction)
    in ConnectFunction (created by component)
    in component
    in Unknown (created by ConnectFunction)
    in ConnectFunction (created by ta)
    in div (created by ta)
    in ta (created by ConnectFunction)
    in ConnectFunction (created by oa)
    in oa (created by Context.Consumer)
    in Route
    in Switch
    in d
    in Unknown
    in Router (created by n)
    in n (created by Context.Consumer)
    in a (created by ConnectFunction)
    in ConnectFunction
    in Provider
    in Unknown
    in AppContainer
    in Unknown
    in AppContainer
[2022-01-09 14:26:31.378] [error] React-Hot-Loader: misconfiguration detected, using production version in non-production environment.
[2022-01-09 14:26:31.379] [error] React-Hot-Loader: Hot Module Replacement is not enabled.
[2022-01-09 14:26:31.380] [error] React-Hot-Loader: misconfiguration detected, using production version in non-production environment.
[2022-01-09 14:26:31.380] [error] React-Hot-Loader: Hot Module Replacement is not enabled.
[2022-01-09 14:27:17.608] [error] Warning: Each child in a list should have a unique "key" prop.%s%s See https://fb.me/react-warning-keys for more information.%s 

Check the render method of `Ft`.  
    in Bt (created by Ft)
    in Ft (created by zt)
    in div (created by styled.div)
    in styled.div (created by zt)
    in div (created by Styled(Styled(styled.div)))
    in Styled(Styled(styled.div)) (created by zt)
    in div (created by Styled(styled.div))
    in Styled(styled.div) (created by zt)
    in zt (created by ConnectFunction)
    in ConnectFunction (created by Wo)
    in div (created by styled.div)
    in styled.div (created by Wo)
    in Wo
    in div (created by Styled(styled.div))
    in Styled(styled.div)
    in Unknown (created by ConnectFunction)
    in ConnectFunction (created by component)
    in component
    in Unknown (created by ConnectFunction)
    in ConnectFunction (created by ta)
    in div (created by ta)
    in ta (created by ConnectFunction)
    in ConnectFunction (created by oa)
    in oa (created by Context.Consumer)
    in Route
    in Switch
    in d
    in Unknown
    in Router (created by n)
    in n (created by Context.Consumer)
    in a (created by ConnectFunction)
    in ConnectFunction
    in Provider
    in Unknown
    in AppContainer
    in Unknown
    in AppContainer
[2022-01-16 20:11:58.029] [error] React-Hot-Loader: misconfiguration detected, using production version in non-production environment.
[2022-01-16 20:11:58.030] [error] React-Hot-Loader: Hot Module Replacement is not enabled.
[2022-01-16 20:11:58.030] [error] React-Hot-Loader: misconfiguration detected, using production version in non-production environment.
[2022-01-16 20:11:58.031] [error] React-Hot-Loader: Hot Module Replacement is not enabled.
[2022-01-20 20:04:00.604] [error] React-Hot-Loader: misconfiguration detected, using production version in non-production environment.
[2022-01-20 20:04:00.605] [error] React-Hot-Loader: Hot Module Replacement is not enabled.
[2022-01-20 20:04:00.606] [error] React-Hot-Loader: misconfiguration detected, using production version in non-production environment.
[2022-01-20 20:04:00.606] [error] React-Hot-Loader: Hot Module Replacement is not enabled.
[2022-01-28 20:15:38.489] [error] React-Hot-Loader: misconfiguration detected, using production version in non-production environment.
[2022-01-28 20:15:38.491] [error] React-Hot-Loader: Hot Module Replacement is not enabled.
[2022-01-28 20:15:38.491] [error] React-Hot-Loader: misconfiguration detected, using production version in non-production environment.
[2022-01-28 20:15:38.491] [error] React-Hot-Loader: Hot Module Replacement is not enabled.
[2022-02-06 11:08:38.993] [error] React-Hot-Loader: misconfiguration detected, using production version in non-production environment.
[2022-02-06 11:08:38.994] [error] React-Hot-Loader: Hot Module Replacement is not enabled.
[2022-02-06 11:08:38.995] [error] React-Hot-Loader: misconfiguration detected, using production version in non-production environment.
[2022-02-06 11:08:38.995] [error] React-Hot-Loader: Hot Module Replacement is not enabled.
[2022-02-06 11:12:23.039] [error] Warning: Each child in a list should have a unique "key" prop.%s%s See https://fb.me/react-warning-keys for more information.%s 

Check the render method of `ut`.  
    in Styled(styled.div) (created by ut)
    in ut (created by ConnectFunction)
    in ConnectFunction (created by Wo)
    in div (created by styled.div)
    in styled.div (created by Wo)
    in Wo
    in div (created by Styled(styled.div))
    in Styled(styled.div)
    in Unknown (created by ConnectFunction)
    in ConnectFunction (created by component)
    in component
    in Unknown (created by ConnectFunction)
    in ConnectFunction (created by ta)
    in div (created by ta)
    in ta (created by ConnectFunction)
    in ConnectFunction (created by oa)
    in oa (created by Context.Consumer)
    in Route
    in Switch
    in d
    in Unknown
    in Router (created by n)
    in n (created by Context.Consumer)
    in a (created by ConnectFunction)
    in ConnectFunction
    in Provider
    in Unknown
    in AppContainer
    in Unknown
    in AppContainer
[2022-02-06 11:14:59.091] [error] React-Hot-Loader: misconfiguration detected, using production version in non-production environment.
[2022-02-06 11:14:59.092] [error] React-Hot-Loader: Hot Module Replacement is not enabled.
[2022-02-06 11:14:59.093] [error] React-Hot-Loader: misconfiguration detected, using production version in non-production environment.
[2022-02-06 11:14:59.093] [error] React-Hot-Loader: Hot Module Replacement is not enabled.
