#
# There is insufficient memory for the Java Runtime Environment to continue.
# Native memory allocation (mmap) failed to map 805306368 bytes for committing reserved memory.
# Possible reasons:
#   The system is out of physical RAM or swap space
#   The process is running with CompressedOops enabled, and the Java Heap may be blocking the growth of the native heap
# Possible solutions:
#   Reduce memory load on the system
#   Increase physical memory or swap space
#   Check if swap backing store is full
#   Decrease Java heap size (-Xmx/-Xms)
#   Decrease number of Java threads
#   Decrease Java thread stack sizes (-Xss)
#   Set larger code cache with -XX:ReservedCodeCacheSize=
# This output file may be truncated or incomplete.
#
#  Out of Memory Error (os_linux.cpp:2766), pid=12106, tid=0x00007f376edac700
#
# JRE version:  (8.0_212-b04) (build )
# Java VM: OpenJDK 64-Bit Server VM (25.212-b04 mixed mode linux-amd64 compressed oops)
# Core dump written. Default location: /opt/Project_GOAT/core or core.12106
#

---------------  T H R E A D  ---------------

Current thread (0x00007f376804c800):  JavaThread "Unknown thread" [_thread_in_vm, id=12107, stack(0x00007f376ecad000,0x00007f376edad000)]

Stack: [0x00007f376ecad000,0x00007f376edad000],  sp=0x00007f376edab4c0,  free space=1017k
Native frames: (J=compiled Java code, j=interpreted, Vv=VM code, C=native code)
V  [libjvm.so+0xafd1a9]  VMError::report_and_die()+0x1c9
V  [libjvm.so+0x4ec0df]  report_vm_out_of_memory(char const*, int, unsigned long, VMErrorType, char const*)+0xaf
V  [libjvm.so+0x8e7c90]  os::pd_commit_memory(char*, unsigned long, unsigned long, bool)+0xe0
V  [libjvm.so+0x8df152]  os::commit_memory(char*, unsigned long, unsigned long, bool)+0x32
V  [libjvm.so+0xaf9bd8]  VirtualSpace::expand_by(unsigned long, bool)+0x1a8
V  [libjvm.so+0x5ecaca]  Generation::Generation(ReservedSpace, unsigned long, int)+0x9a
V  [libjvm.so+0x4f49e3]  DefNewGeneration::DefNewGeneration(ReservedSpace, unsigned long, int, char const*)+0x43
V  [libjvm.so+0x905c32]  ParNewGeneration::ParNewGeneration(ReservedSpace, unsigned long, int)+0x42
V  [libjvm.so+0x5ee2d4]  GenerationSpec::init(ReservedSpace, int, GenRemSet*)+0x344
V  [libjvm.so+0x5d9aa7]  GenCollectedHeap::initialize()+0x227
V  [libjvm.so+0xac35fa]  Universe::initialize_heap()+0x16a
V  [libjvm.so+0xac38f9]  universe_init()+0x49
V  [libjvm.so+0x631153]  init_globals()+0x63
V  [libjvm.so+0xaa6821]  Threads::create_vm(JavaVMInitArgs*, bool*)+0x291
V  [libjvm.so+0x6b3085]  JNI_CreateJavaVM+0x65
C  [libjli.so+0x4463]  JavaMain+0x83
C  [libpthread.so.0+0x858e]  start_thread+0xfe


---------------  P R O C E S S  ---------------

Java Threads: ( => current thread )

Other Threads:

=>0x00007f376804c800 (exited) JavaThread "Unknown thread" [_thread_in_vm, id=12107, stack(0x00007f376ecad000,0x00007f376edad000)]

VM state:not at safepoint (not fully initialized)

VM Mutex/Monitor currently owned by a thread: None

heap address: 0x0000000080000000, size: 2048 MB, Compressed Oops mode: Non-zero based:0x000000007ffff000
Narrow klass base: 0x0000000000000000, Narrow klass shift: 0

GC Heap History (0 events):
No events

Deoptimization events (0 events):
No events

Classes redefined (0 events):
No events

Internal exceptions (0 events):
No events

Events (0 events):
No events


Dynamic libraries:
b0000000-100000000 ---p 00000000 00:00 0 
55725d05d000-55725d05e000 r--p 00000000 08:00 1537108                    /usr/lib/jvm/java-1.8.0-openjdk-1.8.0.212.b04-0.fc29.x86_64/jre/bin/java
55725d05e000-55725d05f000 r-xp 00001000 08:00 1537108                    /usr/lib/jvm/java-1.8.0-openjdk-1.8.0.212.b04-0.fc29.x86_64/jre/bin/java
55725d05f000-55725d060000 r--p 00002000 08:00 1537108                    /usr/lib/jvm/java-1.8.0-openjdk-1.8.0.212.b04-0.fc29.x86_64/jre/bin/java
55725d060000-55725d061000 r--p 00002000 08:00 1537108                    /usr/lib/jvm/java-1.8.0-openjdk-1.8.0.212.b04-0.fc29.x86_64/jre/bin/java
55725d061000-55725d062000 rw-p 00003000 08:00 1537108                    /usr/lib/jvm/java-1.8.0-openjdk-1.8.0.212.b04-0.fc29.x86_64/jre/bin/java
55725e464000-55725e485000 rw-p 00000000 00:00 0                          [heap]
7f374c000000-7f374c021000 rw-p 00000000 00:00 0 
7f374c021000-7f3750000000 ---p 00000000 00:00 0 
7f3754000000-7f3754021000 rw-p 00000000 00:00 0 
7f3754021000-7f3758000000 ---p 00000000 00:00 0 
7f3759000000-7f3759270000 rwxp 00000000 00:00 0 
7f3759270000-7f3768000000 ---p 00000000 00:00 0 
7f3768000000-7f376807e000 rw-p 00000000 00:00 0 
7f376807e000-7f376c000000 ---p 00000000 00:00 0 
7f376d795000-7f376da40000 rw-p 00000000 00:00 0 
7f376da40000-7f376de40000 ---p 00000000 00:00 0 
7f376de40000-7f376de41000 rw-p 00000000 00:00 0 
7f376de41000-7f376de42000 ---p 00000000 00:00 0 
7f376de42000-7f376df42000 rw-p 00000000 00:00 0 
7f376df42000-7f376df43000 ---p 00000000 00:00 0 
7f376df43000-7f376e08e000 rw-p 00000000 00:00 0 
7f376e08e000-7f376e444000 ---p 00000000 00:00 0 
7f376e444000-7f376ec49000 r--s 00000000 08:00 9393                       /var/lib/sss/mc/passwd
7f376ec49000-7f376ec4b000 r--p 00000000 08:00 146599                     /usr/lib64/libnss_sss.so.2
7f376ec4b000-7f376ec51000 r-xp 00002000 08:00 146599                     /usr/lib64/libnss_sss.so.2
7f376ec51000-7f376ec53000 r--p 00008000 08:00 146599                     /usr/lib64/libnss_sss.so.2
7f376ec53000-7f376ec54000 r--p 00009000 08:00 146599                     /usr/lib64/libnss_sss.so.2
7f376ec54000-7f376ec55000 rw-p 0000a000 08:00 146599                     /usr/lib64/libnss_sss.so.2
7f376ec55000-7f376ec58000 r--p 00000000 08:00 1537152                    /usr/lib/jvm/java-1.8.0-openjdk-1.8.0.212.b04-0.fc29.x86_64/jre/lib/amd64/libzip.so
7f376ec58000-7f376ec5d000 r-xp 00003000 08:00 1537152                    /usr/lib/jvm/java-1.8.0-openjdk-1.8.0.212.b04-0.fc29.x86_64/jre/lib/amd64/libzip.so
7f376ec5d000-7f376ec5f000 r--p 00008000 08:00 1537152                    /usr/lib/jvm/java-1.8.0-openjdk-1.8.0.212.b04-0.fc29.x86_64/jre/lib/amd64/libzip.so
7f376ec5f000-7f376ec60000 r--p 00009000 08:00 1537152                    /usr/lib/jvm/java-1.8.0-openjdk-1.8.0.212.b04-0.fc29.x86_64/jre/lib/amd64/libzip.so
7f376ec60000-7f376ec61000 rw-p 00000000 00:00 0 
7f376ec61000-7f376ec6e000 r--p 00000000 08:00 1537134                    /usr/lib/jvm/java-1.8.0-openjdk-1.8.0.212.b04-0.fc29.x86_64/jre/lib/amd64/libjava.so
7f376ec6e000-7f376ec86000 r-xp 0000d000 08:00 1537134                    /usr/lib/jvm/java-1.8.0-openjdk-1.8.0.212.b04-0.fc29.x86_64/jre/lib/amd64/libjava.so
7f376ec86000-7f376ec8d000 r--p 00025000 08:00 1537134                    /usr/lib/jvm/java-1.8.0-openjdk-1.8.0.212.b04-0.fc29.x86_64/jre/lib/amd64/libjava.so
7f376ec8d000-7f376ec8e000 r--p 0002b000 08:00 1537134                    /usr/lib/jvm/java-1.8.0-openjdk-1.8.0.212.b04-0.fc29.x86_64/jre/lib/amd64/libjava.so
7f376ec8e000-7f376ec8f000 rw-p 0002c000 08:00 1537134                    /usr/lib/jvm/java-1.8.0-openjdk-1.8.0.212.b04-0.fc29.x86_64/jre/lib/amd64/libjava.so
7f376ec8f000-7f376ec90000 rw-p 00000000 00:00 0 
7f376ec90000-7f376ec95000 r--p 00000000 08:00 1537151                    /usr/lib/jvm/java-1.8.0-openjdk-1.8.0.212.b04-0.fc29.x86_64/jre/lib/amd64/libverify.so
7f376ec95000-7f376ec9d000 r-xp 00005000 08:00 1537151                    /usr/lib/jvm/java-1.8.0-openjdk-1.8.0.212.b04-0.fc29.x86_64/jre/lib/amd64/libverify.so
7f376ec9d000-7f376ec9f000 r--p 0000d000 08:00 1537151                    /usr/lib/jvm/java-1.8.0-openjdk-1.8.0.212.b04-0.fc29.x86_64/jre/lib/amd64/libverify.so
7f376ec9f000-7f376eca1000 r--p 0000e000 08:00 1537151                    /usr/lib/jvm/java-1.8.0-openjdk-1.8.0.212.b04-0.fc29.x86_64/jre/lib/amd64/libverify.so
7f376eca1000-7f376eca2000 rw-p 00000000 00:00 0 
7f376eca2000-7f376eca4000 r--p 00000000 08:00 145293                     /usr/lib64/librt-2.28.so
7f376eca4000-7f376eca8000 r-xp 00002000 08:00 145293                     /usr/lib64/librt-2.28.so
7f376eca8000-7f376ecaa000 r--p 00006000 08:00 145293                     /usr/lib64/librt-2.28.so
7f376ecaa000-7f376ecab000 r--p 00007000 08:00 145293                     /usr/lib64/librt-2.28.so
7f376ecab000-7f376ecac000 rw-p 00008000 08:00 145293                     /usr/lib64/librt-2.28.so
7f376ecac000-7f376ecad000 ---p 00000000 00:00 0 
7f376ecad000-7f376ecb0000 ---p 00000000 00:00 0 
7f376ecb0000-7f376edad000 rw-p 00000000 00:00 0 
7f376edad000-7f376edb0000 r--p 00000000 08:00 145225                     /usr/lib64/libgcc_s-8-20190223.so.1
7f376edb0000-7f376edc2000 r-xp 00003000 08:00 145225                     /usr/lib64/libgcc_s-8-20190223.so.1
7f376edc2000-7f376edc5000 r--p 00015000 08:00 145225                     /usr/lib64/libgcc_s-8-20190223.so.1
7f376edc5000-7f376edc6000 ---p 00018000 08:00 145225                     /usr/lib64/libgcc_s-8-20190223.so.1
7f376edc6000-7f376edc7000 r--p 00018000 08:00 145225                     /usr/lib64/libgcc_s-8-20190223.so.1
7f376edc7000-7f376edc8000 rw-p 00019000 08:00 145225                     /usr/lib64/libgcc_s-8-20190223.so.1
7f376edc8000-7f376edd5000 r--p 00000000 08:00 145288                     /usr/lib64/libm-2.28.so
7f376edd5000-7f376ee75000 r-xp 0000d000 08:00 145288                     /usr/lib64/libm-2.28.so
7f376ee75000-7f376ef4a000 r--p 000ad000 08:00 145288                     /usr/lib64/libm-2.28.so
7f376ef4a000-7f376ef4b000 r--p 00181000 08:00 145288                     /usr/lib64/libm-2.28.so
7f376ef4b000-7f376ef4c000 rw-p 00182000 08:00 145288                     /usr/lib64/libm-2.28.so
7f376ef4c000-7f376efd6000 r--p 00000000 08:00 135590                     /usr/lib64/libstdc++.so.6.0.25
7f376efd6000-7f376f093000 r-xp 0008a000 08:00 135590                     /usr/lib64/libstdc++.so.6.0.25
7f376f093000-7f376f0d3000 r--p 00147000 08:00 135590                     /usr/lib64/libstdc++.so.6.0.25
7f376f0d3000-7f376f0d4000 ---p 00187000 08:00 135590                     /usr/lib64/libstdc++.so.6.0.25
7f376f0d4000-7f376f0de000 r--p 00187000 08:00 135590                     /usr/lib64/libstdc++.so.6.0.25
7f376f0de000-7f376f0e0000 rw-p 00191000 08:00 135590                     /usr/lib64/libstdc++.so.6.0.25
7f376f0e0000-7f376f0e4000 rw-p 00000000 00:00 0 
7f376f0e4000-7f376f2ff000 r--p 00000000 08:00 1537156                    /usr/lib/jvm/java-1.8.0-openjdk-1.8.0.212.b04-0.fc29.x86_64/jre/lib/amd64/server/libjvm.so
7f376f2ff000-7f376fc03000 r-xp 0021b000 08:00 1537156                    /usr/lib/jvm/java-1.8.0-openjdk-1.8.0.212.b04-0.fc29.x86_64/jre/lib/amd64/server/libjvm.so
7f376fc03000-7f376fdb9000 r--p 00b1f000 08:00 1537156                    /usr/lib/jvm/java-1.8.0-openjdk-1.8.0.212.b04-0.fc29.x86_64/jre/lib/amd64/server/libjvm.so
7f376fdb9000-7f376fe5c000 r--p 00cd4000 08:00 1537156                    /usr/lib/jvm/java-1.8.0-openjdk-1.8.0.212.b04-0.fc29.x86_64/jre/lib/amd64/server/libjvm.so
7f376fe5c000-7f376fe85000 rw-p 00d77000 08:00 1537156                    /usr/lib/jvm/java-1.8.0-openjdk-1.8.0.212.b04-0.fc29.x86_64/jre/lib/amd64/server/libjvm.so
7f376fe85000-7f376feb7000 rw-p 00000000 00:00 0 
7f376feb7000-7f376fed9000 r--p 00000000 08:00 134635                     /usr/lib64/libc-2.28.so
7f376fed9000-7f3770026000 r-xp 00022000 08:00 134635                     /usr/lib64/libc-2.28.so
7f3770026000-7f3770072000 r--p 0016f000 08:00 134635                     /usr/lib64/libc-2.28.so
7f3770072000-7f3770073000 ---p 001bb000 08:00 134635                     /usr/lib64/libc-2.28.so
7f3770073000-7f3770077000 r--p 001bb000 08:00 134635                     /usr/lib64/libc-2.28.so
7f3770077000-7f3770079000 rw-p 001bf000 08:00 134635                     /usr/lib64/libc-2.28.so
7f3770079000-7f377007d000 rw-p 00000000 00:00 0 
7f377007d000-7f377007e000 r--p 00000000 08:00 145287                     /usr/lib64/libdl-2.28.so
7f377007e000-7f3770080000 r-xp 00001000 08:00 145287                     /usr/lib64/libdl-2.28.so
7f3770080000-7f3770081000 r--p 00003000 08:00 145287                     /usr/lib64/libdl-2.28.so
7f3770081000-7f3770082000 r--p 00003000 08:00 145287                     /usr/lib64/libdl-2.28.so
7f3770082000-7f3770083000 rw-p 00004000 08:00 145287                     /usr/lib64/libdl-2.28.so
7f3770083000-7f3770086000 r--p 00000000 08:00 1537121                    /usr/lib/jvm/java-1.8.0-openjdk-1.8.0.212.b04-0.fc29.x86_64/jre/lib/amd64/jli/libjli.so
7f3770086000-7f377008f000 r-xp 00003000 08:00 1537121                    /usr/lib/jvm/java-1.8.0-openjdk-1.8.0.212.b04-0.fc29.x86_64/jre/lib/amd64/jli/libjli.so
7f377008f000-7f3770092000 r--p 0000c000 08:00 1537121                    /usr/lib/jvm/java-1.8.0-openjdk-1.8.0.212.b04-0.fc29.x86_64/jre/lib/amd64/jli/libjli.so
7f3770092000-7f3770093000 r--p 0000e000 08:00 1537121                    /usr/lib/jvm/java-1.8.0-openjdk-1.8.0.212.b04-0.fc29.x86_64/jre/lib/amd64/jli/libjli.so
7f3770093000-7f3770094000 rw-p 00000000 00:00 0 
7f3770094000-7f3770097000 r--p 00000000 08:00 135502                     /usr/lib64/libz.so.1.2.11
7f3770097000-7f37700a5000 r-xp 00003000 08:00 135502                     /usr/lib64/libz.so.1.2.11
7f37700a5000-7f37700ac000 r--p 00011000 08:00 135502                     /usr/lib64/libz.so.1.2.11
7f37700ac000-7f37700ad000 r--p 00017000 08:00 135502                     /usr/lib64/libz.so.1.2.11
7f37700ad000-7f37700ae000 rw-p 00000000 00:00 0 
7f37700ae000-7f37700b4000 r--p 00000000 08:00 145291                     /usr/lib64/libpthread-2.28.so
7f37700b4000-7f37700c4000 r-xp 00006000 08:00 145291                     /usr/lib64/libpthread-2.28.so
7f37700c4000-7f37700ca000 r--p 00016000 08:00 145291                     /usr/lib64/libpthread-2.28.so
7f37700ca000-7f37700cb000 r--p 0001b000 08:00 145291                     /usr/lib64/libpthread-2.28.so
7f37700cb000-7f37700cc000 rw-p 0001c000 08:00 145291                     /usr/lib64/libpthread-2.28.so
7f37700cc000-7f37700d2000 rw-p 00000000 00:00 0 
7f37700d5000-7f37700dd000 rw-s 00000000 00:2c 434560                     /tmp/hsperfdata_greyman/12106
7f37700dd000-7f37700de000 rw-p 00000000 00:00 0 
7f37700de000-7f37700df000 r--p 00000000 08:00 134563                     /usr/lib64/ld-2.28.so
7f37700df000-7f37700ff000 r-xp 00001000 08:00 134563                     /usr/lib64/ld-2.28.so
7f37700ff000-7f3770107000 r--p 00021000 08:00 134563                     /usr/lib64/ld-2.28.so
7f3770107000-7f3770108000 r--p 00000000 00:00 0 
7f3770108000-7f3770109000 r--p 00029000 08:00 134563                     /usr/lib64/ld-2.28.so
7f3770109000-7f377010a000 rw-p 0002a000 08:00 134563                     /usr/lib64/ld-2.28.so
7f377010a000-7f377010b000 rw-p 00000000 00:00 0 
7ffe5c7a6000-7ffe5c7c7000 rw-p 00000000 00:00 0                          [stack]
7ffe5c7d6000-7ffe5c7d9000 r--p 00000000 00:00 0                          [vvar]
7ffe5c7d9000-7ffe5c7da000 r-xp 00000000 00:00 0                          [vdso]
ffffffffff600000-ffffffffff601000 r-xp 00000000 00:00 0                  [vsyscall]

VM Arguments:
jvm_args: -Xmn768M -Xmx2048M -XX:+UseConcMarkSweepGC 
java_command: /opt/Project_GOAT/server.jar
java_class_path (initial): /opt/Project_GOAT/server.jar
Launcher Type: SUN_STANDARD

Environment Variables:
PATH=/usr/local/sbin:/usr/local/bin:/usr/sbin:/usr/bin
SHELL=/bin/bash

Signal Handlers:
SIGSEGV: [libjvm.so+0xafdc20], sa_mask[0]=11111111011111111101111111111110, sa_flags=SA_RESTART|SA_SIGINFO
SIGBUS: [libjvm.so+0xafdc20], sa_mask[0]=11111111011111111101111111111110, sa_flags=SA_RESTART|SA_SIGINFO
SIGFPE: [libjvm.so+0x8e3100], sa_mask[0]=11111111011111111101111111111110, sa_flags=SA_RESTART|SA_SIGINFO
SIGPIPE: [libjvm.so+0x8e3100], sa_mask[0]=11111111011111111101111111111110, sa_flags=SA_RESTART|SA_SIGINFO
SIGXFSZ: [libjvm.so+0x8e3100], sa_mask[0]=11111111011111111101111111111110, sa_flags=SA_RESTART|SA_SIGINFO
SIGILL: [libjvm.so+0x8e3100], sa_mask[0]=11111111011111111101111111111110, sa_flags=SA_RESTART|SA_SIGINFO
SIGUSR1: SIG_DFL, sa_mask[0]=00000000000000000000000000000000, sa_flags=none
SIGUSR2: [libjvm.so+0x8e2f90], sa_mask[0]=00000000000000000000000000000000, sa_flags=SA_RESTART|SA_SIGINFO
SIGHUP: SIG_DFL, sa_mask[0]=00000000000000000000000000000000, sa_flags=none
SIGINT: SIG_DFL, sa_mask[0]=00000000000000000000000000000000, sa_flags=none
SIGTERM: SIG_DFL, sa_mask[0]=00000000000000000000000000000000, sa_flags=none
SIGQUIT: SIG_DFL, sa_mask[0]=00000000000000000000000000000000, sa_flags=none


---------------  S Y S T E M  ---------------

OS:Fedora release 29 (Twenty Nine)

uname:Linux 5.0.9-200.fc29.x86_64 #1 SMP Mon Apr 22 00:55:30 UTC 2019 x86_64
libc:glibc 2.28 NPTL 2.28 
rlimit: STACK 8192k, CORE infinity, NPROC 15656, NOFILE 4096, AS infinity
load average:0.31 0.63 0.58

/proc/meminfo:
MemTotal:        4036916 kB
MemFree:          120076 kB
MemAvailable:     350684 kB
Buffers:           24092 kB
Cached:           401476 kB
SwapCached:        14548 kB
Active:          3430972 kB
Inactive:         348352 kB
Active(anon):    3260092 kB
Inactive(anon):    94144 kB
Active(file):     170880 kB
Inactive(file):   254208 kB
Unevictable:           0 kB
Mlocked:               0 kB
SwapTotal:        524284 kB
SwapFree:         204664 kB
Dirty:              1164 kB
Writeback:             0 kB
AnonPages:       3339524 kB
Mapped:            95432 kB
Shmem:               476 kB
KReclaimable:      29564 kB
Slab:              94756 kB
SReclaimable:      29564 kB
SUnreclaim:        65192 kB
KernelStack:        3944 kB
PageTables:        11696 kB
NFS_Unstable:          0 kB
Bounce:                0 kB
WritebackTmp:          0 kB
CommitLimit:     2542740 kB
Committed_AS:    4638548 kB
VmallocTotal:   34359738367 kB
VmallocUsed:           0 kB
VmallocChunk:          0 kB
Percpu:             1128 kB
HardwareCorrupted:     0 kB
AnonHugePages:         0 kB
ShmemHugePages:        0 kB
ShmemPmdMapped:        0 kB
CmaTotal:              0 kB
CmaFree:               0 kB
HugePages_Total:       0
HugePages_Free:        0
HugePages_Rsvd:        0
HugePages_Surp:        0
Hugepagesize:       2048 kB
Hugetlb:               0 kB
DirectMap4k:      126840 kB
DirectMap2M:     4067328 kB
DirectMap1G:     2097152 kB

container (cgroup) information:
container_type: cgroupv1
cpu_cpuset_cpus: 0-1
cpu_memory_nodes: 0
active_processor_count: 2
cpu_quota: -1
cpu_period: 100000
cpu_shares: -1
memory_limit_in_bytes: -1
memory_and_swap_limit_in_bytes: -1
memory_soft_limit_in_bytes: -1
memory_usage_in_bytes: 3485011968
memory_max_usage_in_bytes: 3905904640


CPU:total 2 (initial active 2) (1 cores per cpu, 1 threads per core) family 6 model 79 stepping 1, cmov, cx8, fxsr, mmx, sse, sse2, sse3, ssse3, sse4.1, sse4.2, popcnt, avx, avx2, aes, clmul, erms, rtm, 3dnowpref, lzcnt, tsc, bmi1, bmi2, adx

/proc/cpuinfo:
processor	: 0
vendor_id	: GenuineIntel
cpu family	: 6
model		: 79
model name	: Intel(R) Xeon(R) CPU E5-2697 v4 @ 2.30GHz
stepping	: 1
microcode	: 0x1
cpu MHz		: 2299.996
cache size	: 16384 KB
physical id	: 0
siblings	: 1
core id		: 0
cpu cores	: 1
apicid		: 0
initial apicid	: 0
fpu		: yes
fpu_exception	: yes
cpuid level	: 13
wp		: yes
flags		: fpu vme de pse tsc msr pae mce cx8 apic sep mtrr pge mca cmov pat pse36 clflush mmx fxsr sse sse2 ss syscall nx pdpe1gb rdtscp lm constant_tsc arch_perfmon rep_good nopl xtopology cpuid tsc_known_freq pni pclmulqdq ssse3 fma cx16 pcid sse4_1 sse4_2 x2apic movbe popcnt tsc_deadline_timer aes xsave avx f16c rdrand hypervisor lahf_lm abm 3dnowprefetch cpuid_fault invpcid_single pti fsgsbase tsc_adjust bmi1 hle avx2 smep bmi2 erms invpcid rtm rdseed adx smap xsaveopt arat
bugs		: cpu_meltdown spectre_v1 spectre_v2 spec_store_bypass l1tf
bogomips	: 4599.99
clflush size	: 64
cache_alignment	: 64
address sizes	: 40 bits physical, 48 bits virtual
power management:

processor	: 1
vendor_id	: GenuineIntel
cpu family	: 6
model		: 79
model name	: Intel(R) Xeon(R) CPU E5-2697 v4 @ 2.30GHz
stepping	: 1
microcode	: 0x1
cpu MHz		: 2299.996
cache size	: 16384 KB
physical id	: 1
siblings	: 1
core id		: 0
cpu cores	: 1
apicid		: 1
initial apicid	: 1
fpu		: yes
fpu_exception	: yes
cpuid level	: 13
wp		: yes
flags		: fpu vme de pse tsc msr pae mce cx8 apic sep mtrr pge mca cmov pat pse36 clflush mmx fxsr sse sse2 ss syscall nx pdpe1gb rdtscp lm constant_tsc arch_perfmon rep_good nopl xtopology cpuid tsc_known_freq pni pclmulqdq ssse3 fma cx16 pcid sse4_1 sse4_2 x2apic movbe popcnt tsc_deadline_timer aes xsave avx f16c rdrand hypervisor lahf_lm abm 3dnowprefetch cpuid_fault invpcid_single pti fsgsbase tsc_adjust bmi1 hle avx2 smep bmi2 erms invpcid rtm rdseed adx smap xsaveopt arat
bugs		: cpu_meltdown spectre_v1 spectre_v2 spec_store_bypass l1tf
bogomips	: 4599.99
clflush size	: 64
cache_alignment	: 64
address sizes	: 40 bits physical, 48 bits virtual
power management:



Memory: 4k page, physical 4036916k(120076k free), swap 524284k(204664k free)

vm_info: OpenJDK 64-Bit Server VM (25.212-b04) for linux-amd64 JRE (1.8.0_212-b04), built on Apr 23 2019 10:15:33 by "mockbuild" with gcc 8.3.1 20190223 (Red Hat 8.3.1-2)

time: Fri May 31 22:19:01 2019
timezone: UTC
elapsed time: 0 seconds (0d 0h 0m 0s)

