[11:53:31] [Server thread/INFO]: Starting minecraft server version 1.14
[11:53:31] [Server thread/INFO]: Loading properties
[11:53:31] [Server thread/INFO]: This server is running CraftBukkit version git-Spigot-c8d4cef-1fee35b (MC: 1.14) (Implementing API version 1.14-R0.1-SNAPSHOT)
[11:53:32] [Server thread/INFO]: Server Ping Player Sample Count: 12
[11:53:32] [Server thread/INFO]: Using 4 threads for Netty based IO
[11:53:32] [Server thread/INFO]: Debug logging is disabled
[11:53:32] [Server thread/INFO]: Default game type: SURVIVAL
[11:53:32] [Server thread/INFO]: Generating keypair
[11:53:32] [Server thread/INFO]: Starting Minecraft server on 127.0.0.1:25565
[11:53:32] [Server thread/INFO]: Using epoll channel type
[11:53:41] [Server thread/INFO]: [WorldEdit] Loading WorldEdit v7.0.0-rc-2;7be00cc
[11:53:42] [Server thread/INFO]: Got request to register class com.sk89q.worldedit.bukkit.BukkitServerInterface with WorldEdit [com.sk89q.worldedit.extension.platform.PlatformManager@1af9d971]
[11:53:43] [Server thread/INFO]: Using com.sk89q.worldedit.bukkit.adapter.impl.Spigot_v1_14_R1 as the Bukkit adapter
[11:53:44] [Server thread/WARN]: Unknown block: minecraft:sign[rotation=0]
[11:53:44] [Server thread/WARN]: Unknown block: minecraft:sign[rotation=1]
[11:53:44] [Server thread/WARN]: Unknown block: minecraft:sign[rotation=2]
[11:53:44] [Server thread/WARN]: Unknown block: minecraft:sign[rotation=3]
[11:53:44] [Server thread/WARN]: Unknown block: minecraft:sign[rotation=4]
[11:53:44] [Server thread/WARN]: Unknown block: minecraft:sign[rotation=5]
[11:53:44] [Server thread/WARN]: Unknown block: minecraft:sign[rotation=6]
[11:53:44] [Server thread/WARN]: Unknown block: minecraft:sign[rotation=7]
[11:53:44] [Server thread/WARN]: Unknown block: minecraft:sign[rotation=8]
[11:53:44] [Server thread/WARN]: Unknown block: minecraft:sign[rotation=9]
[11:53:44] [Server thread/WARN]: Unknown block: minecraft:sign[rotation=10]
[11:53:44] [Server thread/WARN]: Unknown block: minecraft:sign[rotation=11]
[11:53:44] [Server thread/WARN]: Unknown block: minecraft:sign[rotation=12]
[11:53:44] [Server thread/WARN]: Unknown block: minecraft:sign[rotation=13]
[11:53:44] [Server thread/WARN]: Unknown block: minecraft:sign[rotation=14]
[11:53:44] [Server thread/WARN]: Unknown block: minecraft:sign[rotation=15]
[11:53:44] [Server thread/WARN]: Unknown block: minecraft:wall_sign[facing=north]
[11:53:44] [Server thread/WARN]: Unknown block: minecraft:wall_sign[facing=south]
[11:53:44] [Server thread/WARN]: Unknown block: minecraft:wall_sign[facing=west]
[11:53:44] [Server thread/WARN]: Unknown block: minecraft:wall_sign[facing=east]
[11:53:44] [Server thread/WARN]: Unknown item: minecraft:sign
[11:53:44] [Server thread/WARN]: Unknown item: minecraft:rose_red
[11:53:44] [Server thread/WARN]: Unknown item: minecraft:cactus_green
[11:53:44] [Server thread/WARN]: Unknown item: minecraft:dandelion_yellow
[11:53:44] [Server thread/WARN]: **** SERVER IS RUNNING IN OFFLINE/INSECURE MODE!
[11:53:44] [Server thread/WARN]: The server will make no attempt to authenticate usernames. Beware.
[11:53:44] [Server thread/WARN]: Whilst this makes it possible to use BungeeCord, unless access to your server is properly restricted, it also opens up the ability for hackers to connect with any username they choose.
[11:53:44] [Server thread/WARN]: Please see http://www.spigotmc.org/wiki/firewall-guide/ for further information.
[11:53:44] [Server thread/WARN]: To change this, set "online-mode" to "true" in the server.properties file.
[11:53:44] [Server thread/INFO]: Preparing level "world"
[11:53:44] [Server thread/INFO]: Reloading ResourceManager: Default, bukkit
[11:53:46] [Server thread/INFO]: Loaded 6 recipes
[11:53:48] [Server thread/INFO]: -------- World Settings For [world] --------
[11:53:48] [Server thread/INFO]: Cactus Growth Modifier: 100%
[11:53:48] [Server thread/INFO]: Cane Growth Modifier: 100%
[11:53:48] [Server thread/INFO]: Melon Growth Modifier: 100%
[11:53:48] [Server thread/INFO]: Mushroom Growth Modifier: 100%
[11:53:48] [Server thread/INFO]: Pumpkin Growth Modifier: 100%
[11:53:48] [Server thread/INFO]: Sapling Growth Modifier: 100%
[11:53:48] [Server thread/INFO]: Beetroot Growth Modifier: 100%
[11:53:48] [Server thread/INFO]: Carrot Growth Modifier: 100%
[11:53:48] [Server thread/INFO]: Potato Growth Modifier: 100%
[11:53:48] [Server thread/INFO]: Wheat Growth Modifier: 100%
[11:53:48] [Server thread/INFO]: NetherWart Growth Modifier: 100%
[11:53:48] [Server thread/INFO]: Vine Growth Modifier: 100%
[11:53:48] [Server thread/INFO]: Cocoa Growth Modifier: 100%
[11:53:48] [Server thread/INFO]: Entity Activation Range: An 32 / Mo 32 / Mi 16 / Tiv true
[11:53:48] [Server thread/INFO]: Entity Tracking Range: Pl 48 / An 48 / Mo 48 / Mi 32 / Other 64
[11:53:48] [Server thread/INFO]: Hopper Transfer: 8 Hopper Check: 1 Hopper Amount: 1
[11:53:48] [Server thread/INFO]: Custom Map Seeds:  Village: 10387312 Desert: 14357617 Igloo: 14357618 Jungle: 14357619 Swamp: 14357620 Monument: 10387313Ocean: 14357621 Shipwreck: 165745295 Slime: 987234911
[11:53:48] [Server thread/INFO]: Max TNT Explosions: 100
[11:53:48] [Server thread/INFO]: Tile Max Tick Time: 50ms Entity max Tick Time: 50ms
[11:53:48] [Server thread/INFO]: Mob Spawn Range: 6
[11:53:48] [Server thread/INFO]: Experience Merge Radius: 3.0
[11:53:48] [Server thread/INFO]: View Distance: 10
[11:53:48] [Server thread/INFO]: Allow Zombie Pigmen to spawn from portal blocks: true
[11:53:48] [Server thread/INFO]: Item Despawn Rate: 6000
[11:53:48] [Server thread/INFO]: Item Merge Radius: 2.5
[11:53:48] [Server thread/INFO]: Arrow Despawn Rate: 1200
[11:53:48] [Server thread/INFO]: Zombie Aggressive Towards Villager: true
[11:53:48] [Server thread/INFO]: Nerfing mobs spawned from spawners: false
[11:53:48] [Server thread/INFO]: -------- World Settings For [world_the_end] --------
[11:53:48] [Server thread/INFO]: Cactus Growth Modifier: 100%
[11:53:48] [Server thread/INFO]: Cane Growth Modifier: 100%
[11:53:48] [Server thread/INFO]: Melon Growth Modifier: 100%
[11:53:48] [Server thread/INFO]: Mushroom Growth Modifier: 100%
[11:53:48] [Server thread/INFO]: Pumpkin Growth Modifier: 100%
[11:53:48] [Server thread/INFO]: Sapling Growth Modifier: 100%
[11:53:48] [Server thread/INFO]: Beetroot Growth Modifier: 100%
[11:53:48] [Server thread/INFO]: Carrot Growth Modifier: 100%
[11:53:48] [Server thread/INFO]: Potato Growth Modifier: 100%
[11:53:48] [Server thread/INFO]: Wheat Growth Modifier: 100%
[11:53:48] [Server thread/INFO]: NetherWart Growth Modifier: 100%
[11:53:48] [Server thread/INFO]: Vine Growth Modifier: 100%
[11:53:48] [Server thread/INFO]: Cocoa Growth Modifier: 100%
[11:53:48] [Server thread/INFO]: Entity Activation Range: An 32 / Mo 32 / Mi 16 / Tiv true
[11:53:48] [Server thread/INFO]: Entity Tracking Range: Pl 48 / An 48 / Mo 48 / Mi 32 / Other 64
[11:53:48] [Server thread/INFO]: Hopper Transfer: 8 Hopper Check: 1 Hopper Amount: 1
[11:53:48] [Server thread/INFO]: Custom Map Seeds:  Village: 10387312 Desert: 14357617 Igloo: 14357618 Jungle: 14357619 Swamp: 14357620 Monument: 10387313Ocean: 14357621 Shipwreck: 165745295 Slime: 987234911
[11:53:48] [Server thread/INFO]: Max TNT Explosions: 100
[11:53:48] [Server thread/INFO]: Tile Max Tick Time: 50ms Entity max Tick Time: 50ms
[11:53:48] [Server thread/INFO]: Mob Spawn Range: 6
[11:53:48] [Server thread/INFO]: Experience Merge Radius: 3.0
[11:53:48] [Server thread/INFO]: View Distance: 10
[11:53:48] [Server thread/INFO]: Allow Zombie Pigmen to spawn from portal blocks: true
[11:53:48] [Server thread/INFO]: Item Despawn Rate: 6000
[11:53:48] [Server thread/INFO]: Item Merge Radius: 2.5
[11:53:48] [Server thread/INFO]: Arrow Despawn Rate: 1200
[11:53:48] [Server thread/INFO]: Zombie Aggressive Towards Villager: true
[11:53:48] [Server thread/INFO]: Nerfing mobs spawned from spawners: false
[11:53:49] [Server thread/INFO]: Preparing start region for dimension 'world'/minecraft:overworld
[11:54:16] [Server-Worker-1/INFO]: Preparing spawn area: 0%
[11:54:16] [Server-Worker-1/INFO]: Preparing spawn area: 0%
[11:54:16] [Server-Worker-1/INFO]: Preparing spawn area: 0%
[11:54:16] [Server-Worker-1/INFO]: Preparing spawn area: 0%
[11:54:16] [Server-Worker-1/INFO]: Preparing spawn area: 0%
[11:54:16] [Server-Worker-1/INFO]: Preparing spawn area: 0%
[11:54:16] [Server-Worker-1/INFO]: Preparing spawn area: 0%
[11:54:16] [Server-Worker-1/INFO]: Preparing spawn area: 0%
[11:54:16] [Server-Worker-1/INFO]: Preparing spawn area: 0%
[11:54:16] [Server-Worker-1/INFO]: Preparing spawn area: 0%
[11:54:16] [Server-Worker-1/INFO]: Preparing spawn area: 0%
[11:54:16] [Server-Worker-1/INFO]: Preparing spawn area: 0%
[11:54:16] [Server-Worker-1/INFO]: Preparing spawn area: 0%
[11:54:16] [Server-Worker-1/INFO]: Preparing spawn area: 0%
[11:54:16] [Server-Worker-1/INFO]: Preparing spawn area: 0%
[11:54:16] [Server-Worker-1/INFO]: Preparing spawn area: 0%
[11:54:16] [Server-Worker-1/INFO]: Preparing spawn area: 0%
[11:54:16] [Server-Worker-1/INFO]: Preparing spawn area: 0%
[11:54:16] [Server-Worker-1/INFO]: Preparing spawn area: 0%
[11:54:16] [Server-Worker-1/INFO]: Preparing spawn area: 0%
[11:54:16] [Server-Worker-1/INFO]: Preparing spawn area: 0%
[11:54:16] [Server-Worker-1/INFO]: Preparing spawn area: 0%
[11:54:16] [Server-Worker-1/INFO]: Preparing spawn area: 0%
[11:54:16] [Server-Worker-1/INFO]: Preparing spawn area: 0%
[11:54:16] [Server-Worker-1/INFO]: Preparing spawn area: 0%
[11:54:16] [Server-Worker-1/INFO]: Preparing spawn area: 0%
[11:54:16] [Server-Worker-1/INFO]: Preparing spawn area: 0%
[11:54:16] [Server-Worker-1/INFO]: Preparing spawn area: 0%
[11:54:16] [Server-Worker-1/INFO]: Preparing spawn area: 0%
[11:54:16] [Server-Worker-1/INFO]: Preparing spawn area: 0%
[11:54:16] [Server-Worker-1/INFO]: Preparing spawn area: 0%
[11:54:16] [Server-Worker-1/INFO]: Preparing spawn area: 0%
[11:54:16] [Server-Worker-1/INFO]: Preparing spawn area: 0%
[11:54:16] [Server-Worker-1/INFO]: Preparing spawn area: 0%
[11:54:16] [Server-Worker-1/INFO]: Preparing spawn area: 0%
[11:54:16] [Server-Worker-1/INFO]: Preparing spawn area: 0%
[11:54:16] [Server-Worker-1/INFO]: Preparing spawn area: 0%
[11:54:16] [Server-Worker-1/INFO]: Preparing spawn area: 0%
[11:54:16] [Server-Worker-1/INFO]: Preparing spawn area: 0%
[11:54:16] [Server-Worker-1/INFO]: Preparing spawn area: 0%
[11:54:16] [Server-Worker-1/INFO]: Preparing spawn area: 0%
[11:54:16] [Server-Worker-1/INFO]: Preparing spawn area: 0%
[11:54:16] [Server-Worker-1/INFO]: Preparing spawn area: 0%
[11:54:16] [Server-Worker-1/INFO]: Preparing spawn area: 0%
[11:54:16] [Server-Worker-1/INFO]: Preparing spawn area: 0%
[11:54:16] [Server-Worker-1/INFO]: Preparing spawn area: 0%
[11:54:16] [Server-Worker-1/INFO]: Preparing spawn area: 0%
[11:54:16] [Server-Worker-1/INFO]: Preparing spawn area: 0%
[11:54:16] [Server-Worker-1/INFO]: Preparing spawn area: 0%
[11:54:16] [Server-Worker-1/INFO]: Preparing spawn area: 0%
[11:54:16] [Server-Worker-1/INFO]: Preparing spawn area: 0%
[11:54:16] [Server-Worker-1/INFO]: Preparing spawn area: 0%
[11:54:16] [Server-Worker-1/INFO]: Preparing spawn area: 0%
[11:54:16] [Server-Worker-1/INFO]: Preparing spawn area: 0%
[11:54:16] [Server-Worker-1/INFO]: Preparing spawn area: 0%
[11:54:16] [Server-Worker-1/INFO]: Preparing spawn area: 0%
[11:54:17] [Server-Worker-1/INFO]: Preparing spawn area: 0%
[11:54:17] [Server-Worker-1/INFO]: Preparing spawn area: 15%
[11:54:18] [Server-Worker-1/INFO]: Preparing spawn area: 72%
[11:54:18] [Server thread/INFO]: Time elapsed: 29346 ms
[11:54:18] [Server thread/INFO]: Preparing start region for dimension 'world_the_end'/minecraft:the_end
[11:54:19] [Server-Worker-1/INFO]: Preparing spawn area: 0%
[11:54:19] [Server-Worker-1/INFO]: Preparing spawn area: 0%
[11:54:19] [Server-Worker-1/INFO]: Preparing spawn area: 0%
[11:54:20] [Server-Worker-1/INFO]: Preparing spawn area: 0%
[11:54:20] [Server-Worker-1/INFO]: Preparing spawn area: 0%
[11:54:21] [Server-Worker-1/INFO]: Preparing spawn area: 0%
[11:54:21] [Server-Worker-1/INFO]: Preparing spawn area: 0%
[11:54:22] [Server-Worker-1/INFO]: Preparing spawn area: 0%
[11:54:22] [Server-Worker-1/INFO]: Preparing spawn area: 6%
[11:54:23] [Server-Worker-1/INFO]: Preparing spawn area: 58%
[11:54:23] [Server thread/INFO]: Time elapsed: 4698 ms
[11:54:23] [Server thread/INFO]: [WorldEdit] Enabling WorldEdit v7.0.0-rc-2;7be00cc
[11:54:23] [Server thread/INFO]: WEPIF: Using the Bukkit Permissions API.
[11:54:23] [Server thread/INFO]: Registering commands with com.sk89q.worldedit.bukkit.BukkitServerInterface
[11:54:23] [Server thread/INFO]: Server permissions file permissions.yml is empty, ignoring it
[11:54:23] [Server thread/INFO]: Done (38.622s)! For help, type "help"
[11:57:58] [User Authenticator #1/INFO]: UUID of player kabuk1kitten is 68c8a67e-68b5-44ba-8dd6-0d8e745ef55d
[11:57:59] [Server thread/INFO]: kabuk1kitten[/75.118.89.135:35057] logged in with entity id 28 at ([world]-1769.7976341234123, 5.475661750196476, 952.2083618560681)
[11:58:10] [Server thread/INFO]: kabuk1kitten lost connection: Disconnected
[11:58:10] [Server thread/INFO]: kabuk1kitten left the game
[12:48:33] [User Authenticator #2/INFO]: UUID of player GoGarretGo is 79fd52c9-b7e6-482e-bd41-f1d5ce958161
[12:48:33] [Server thread/INFO]: GoGarretGo[/75.22.98.134:54767] logged in with entity id 55 at ([world]-1580.281168746916, 4.0, 947.6575589416958)
[12:48:40] [Server thread/INFO]: GoGarretGo lost connection: Disconnected
[12:48:40] [Server thread/INFO]: GoGarretGo left the game
[14:04:13] [Server thread/WARN]: Can't keep up! Is the server overloaded? Running 2201ms or 44 ticks behind
[14:39:30] [Server thread/WARN]: Can't keep up! Is the server overloaded? Running 4232ms or 84 ticks behind
[14:56:17] [User Authenticator #3/INFO]: UUID of player JebelKrong is 1ff70f50-ce58-4547-9f6a-469223871ee0
[14:57:08] [Server thread/INFO]: JebelKrong[/75.118.89.135:36535] logged in with entity id 59 at ([world]-1681.004215125511, 7.501320051261156, 877.2076336304051)
[14:57:08] [Server thread/WARN]: Can't keep up! Is the server overloaded? Running 50651ms or 1013 ticks behind
[14:57:43] [Server thread/WARN]: JebelKrong moved too quickly! -10.051484533506255,0.0,1.6954596167736327
[14:57:44] [Server thread/INFO]: JebelKrong lost connection: Disconnected
[14:57:46] [Server thread/INFO]: JebelKrong left the game
[14:58:09] [Server thread/WARN]: Can't keep up! Is the server overloaded? Running 46060ms or 921 ticks behind
[14:59:17] [Server thread/WARN]: Can't keep up! Is the server overloaded? Running 7063ms or 141 ticks behind
[15:00:02] [User Authenticator #4/INFO]: UUID of player JebelKrong is 1ff70f50-ce58-4547-9f6a-469223871ee0
[15:00:03] [User Authenticator #5/INFO]: UUID of player GoGarretGo is 79fd52c9-b7e6-482e-bd41-f1d5ce958161
[15:00:12] [Server thread/WARN]: Can't keep up! Is the server overloaded? Running 9408ms or 188 ticks behind
[15:00:14] [User Authenticator #6/INFO]: UUID of player kabuk1kitten is 68c8a67e-68b5-44ba-8dd6-0d8e745ef55d
[15:00:26] [Server thread/INFO]: JebelKrong lost connection: Disconnected
[15:00:27] [Server thread/INFO]: JebelKrong left the game
[15:00:45] [Server thread/INFO]: GoGarretGo lost connection: Disconnected
[15:00:46] [Server thread/INFO]: GoGarretGo left the game
[15:00:47] [Server thread/INFO]: kabuk1kitten lost connection: Disconnected
[15:00:50] [Server thread/INFO]: kabuk1kitten left the game
[15:01:02] [Server thread/WARN]: Can't keep up! Is the server overloaded? Running 34886ms or 697 ticks behind
[15:01:24] [Server thread/WARN]: Can't keep up! Is the server overloaded? Running 2922ms or 58 ticks behind
[15:01:45] [Server thread/WARN]: Can't keep up! Is the server overloaded? Running 2622ms or 52 ticks behind
[15:02:10] [User Authenticator #7/INFO]: UUID of player GoGarretGo is 79fd52c9-b7e6-482e-bd41-f1d5ce958161
[15:02:14] [Server thread/WARN]: Can't keep up! Is the server overloaded? Running 10786ms or 215 ticks behind
[15:02:28] [Server thread/INFO]: GoGarretGo[/75.22.98.134:39993] logged in with entity id 63 at ([world]-1580.281168746916, 4.0, 947.6575589416958)
[15:03:04] [Server thread/INFO]: GoGarretGo lost connection: Disconnected
[15:03:05] [Server thread/INFO]: GoGarretGo left the game
[15:03:08] [Async Chat Thread - #0/INFO]: <GoGarretGo> F%&#THIS SERVER[m
[15:03:14] [Server thread/WARN]: Can't keep up! Is the server overloaded? Running 45073ms or 901 ticks behind
[15:04:54] [Server thread/WARN]: Can't keep up! Is the server overloaded? Running 2941ms or 58 ticks behind
[15:05:51] [Server thread/WARN]: Can't keep up! Is the server overloaded? Running 2120ms or 42 ticks behind
[15:07:31] [Server thread/WARN]: Can't keep up! Is the server overloaded? Running 3959ms or 79 ticks behind
[15:08:15] [Server thread/WARN]: Can't keep up! Is the server overloaded? Running 7821ms or 156 ticks behind
[16:49:55] [User Authenticator #8/INFO]: UUID of player GoGarretGo is 79fd52c9-b7e6-482e-bd41-f1d5ce958161
[16:49:55] [Server thread/INFO]: GoGarretGo[/75.22.98.134:49429] logged in with entity id 64 at ([world]-1581.1992745368348, 4.0, 943.4641676728733)
[16:52:47] [Server thread/INFO]: GoGarretGo issued server command: //set grass_block
[16:56:15] [Server thread/INFO]: GoGarretGo issued server command: //set 0
[16:56:53] [Server thread/INFO]: GoGarretGo issued server command: /gamerule randomTickSpeed 2000
[16:56:53] [Server thread/INFO]: [GoGarretGo: Gamerule randomTickSpeed is now set to: 2000]
[16:57:36] [Server thread/INFO]: GoGarretGo issued server command: //set grass_blcok
[16:57:39] [Server thread/INFO]: GoGarretGo issued server command: //set grass_block
[16:57:43] [Server thread/INFO]: GoGarretGo issued server command: //set grass_block
[17:15:58] [Server thread/INFO]: GoGarretGo issued server command: /gamerule randomTickSpeed 1
[17:15:58] [Server thread/INFO]: [GoGarretGo: Gamerule randomTickSpeed is now set to: 1]
[17:16:54] [Server thread/INFO]: GoGarretGo issued server command: /kill @e[type=minecraft:villager
[17:16:59] [Server thread/INFO]: GoGarretGo issued server command: /kill @e[type=minecraft:villager]
[17:16:59] [Server thread/INFO]: [GoGarretGo: Killed 3 entities]
[17:17:58] [Server thread/INFO]: GoGarretGo issued server command: //set 0
[17:18:16] [Server thread/INFO]: GoGarretGo issued server command: /setblock ~ ~ ~ minecraft:dirt
[17:18:16] [Server thread/INFO]: [GoGarretGo: Changed the block at -1599, 15, 914]
[17:18:18] [Server thread/INFO]: GoGarretGo issued server command: /setblock ~ ~ ~ minecraft:dirt
[17:18:18] [Server thread/INFO]: [GoGarretGo: Changed the block at -1598, 15, 916]
[17:18:21] [Server thread/INFO]: GoGarretGo issued server command: //set 0
[17:18:40] [Server thread/INFO]: GoGarretGo issued server command: //set grass_block
